2024-11-22 12:50:28,597 - INFO - Starting fine-tuning process...
2024-11-22 12:50:28,597 - INFO - Loading previous training weights: /Users/brian/Documents/matgl/logs/checkpoints/model.pt
2024-11-22 12:50:54,503 - ERROR - Error during fine-tuning: 'FineTuner' object has no attribute '_setup_loggers'
2024-11-22 12:52:04,106 - INFO - Starting fine-tuning process...
2024-11-22 12:52:04,106 - INFO - Loading previous training weights: /Users/brian/Documents/matgl/logs/checkpoints/model.pt
2024-11-22 12:52:31,016 - INFO - Starting fine-tuning...
2024-11-22 12:52:31,016 - ERROR - Error during fine-tuning: `model` must be a `LightningModule` or `torch._dynamo.OptimizedModule`, got `ModelLightningModule`
2024-11-22 12:55:05,936 - INFO - Starting fine-tuning process...
2024-11-22 12:55:05,936 - INFO - Loading previous training weights: /Users/brian/Documents/matgl/logs/checkpoints/model.pt
2024-11-22 12:55:30,349 - INFO - Starting fine-tuning...
2024-11-22 12:55:30,349 - ERROR - Error during fine-tuning: `model` must be a `LightningModule` or `torch._dynamo.OptimizedModule`, got `ModelLightningModule`
2024-11-22 13:07:51,576 - INFO - Starting fine-tuning process...
2024-11-22 13:07:51,576 - INFO - Loading previous training weights: /Users/brian/Documents/matgl/logs/checkpoints/model.pt
2024-11-22 13:08:17,771 - ERROR - Error during fine-tuning: Neither `tensorboard` nor `tensorboardX` is available. Try `pip install`ing either.
2024-11-22 13:09:40,602 - INFO - Starting fine-tuning process...
2024-11-22 13:09:40,602 - INFO - Loading previous training weights: /Users/brian/Documents/matgl/logs/checkpoints/model.pt
2024-11-22 13:10:07,295 - INFO - Starting fine-tuning...
2024-11-22 13:10:07,295 - ERROR - Error during fine-tuning: `model` must be a `LightningModule` or `torch._dynamo.OptimizedModule`, got `ModelLightningModule`
2024-11-22 13:12:26,590 - INFO - Starting fine-tuning process...
2024-11-22 13:12:26,590 - INFO - Loading previous training weights: /Users/brian/Documents/matgl/logs/checkpoints/model.pt
2024-11-22 13:12:53,043 - INFO - Starting fine-tuning...
2024-11-22 13:12:53,044 - ERROR - Error during fine-tuning: `model` must be a `LightningModule` or `torch._dynamo.OptimizedModule`, got `ModelLightningModule`
2024-11-22 13:24:53,088 - INFO - Starting fine-tuning process...
2024-11-22 13:24:53,089 - INFO - Loading previous training weights: /Users/brian/Documents/matgl/logs/checkpoints/model.pt
2024-11-22 13:25:19,611 - ERROR - Error during fine-tuning: optimizer got an empty parameter list
2024-11-22 13:36:55,747 - INFO - Starting fine-tuning process...
2024-11-22 13:36:55,748 - INFO - Loading previous training weights: /Users/brian/Documents/matgl/logs/checkpoints/model.pt
2024-11-22 13:37:21,178 - ERROR - Error during fine-tuning: 'FineTuner' object has no attribute 'training_params'
2024-11-22 13:41:50,682 - INFO - Starting fine-tuning process...
2024-11-22 13:41:50,683 - INFO - Loading previous training weights: /Users/brian/Documents/matgl/logs/checkpoints/model.pt
2024-11-22 13:44:42,369 - ERROR - Error during fine-tuning: 'BandgapTrainer' object has no attribute 'test'
2024-11-22 13:47:04,640 - INFO - Starting fine-tuning process...
2024-11-22 13:47:04,641 - INFO - Loading previous training weights: /Users/brian/Documents/matgl/logs/checkpoints/model.pt
2024-11-22 13:50:03,659 - ERROR - Error during fine-tuning: BandgapTrainer.evaluate() got an unexpected keyword argument 'dataloaders'
2024-11-22 13:51:01,577 - INFO - Starting fine-tuning process...
2024-11-22 13:51:01,578 - INFO - Loading previous training weights: /Users/brian/Documents/matgl/logs/checkpoints/model.pt
2024-11-22 13:54:06,013 - ERROR - Error during fine-tuning: [Errno 2] No such file or directory: '/Users/brian/Documents/matgl/logs/finetuning/M3GNet_finetuning/version_0/metrics.csv'
2024-11-22 14:00:38,402 - INFO - Starting fine-tuning process...
2024-11-22 14:00:38,402 - INFO - Loading previous training weights: /Users/brian/Documents/matgl/logs/checkpoints/model.pt
2024-11-22 14:03:40,240 - INFO - Fine-tuning completed in 181.84 seconds
