2024-11-30 23:00:45,888 - INFO - Starting training process...
2024-11-30 23:01:10,192 - INFO - Setting up M3GNet model...
2024-11-30 23:01:10,192 - INFO - Using cached local file at /Users/brian/.cache/matgl/M3GNet-MP-2021.2.8-PES/model.pt...
2024-11-30 23:01:10,192 - INFO - Using cached local file at /Users/brian/.cache/matgl/M3GNet-MP-2021.2.8-PES/state.pt...
2024-11-30 23:01:10,193 - INFO - Using cached local file at /Users/brian/.cache/matgl/M3GNet-MP-2021.2.8-PES/model.json...
2024-11-30 23:01:10,281 - INFO - Transferred pretrained weights to new model
2024-11-30 23:01:10,281 - INFO - Froze base layers
2024-11-30 23:01:10,281 - INFO - Froze base layers
2024-11-30 23:01:10,281 - INFO - Froze base layers
2024-11-30 23:01:10,282 - INFO - Froze base layers
2024-11-30 23:01:10,282 - INFO - Froze base layers
2024-11-30 23:01:10,282 - INFO - Froze base layers
2024-11-30 23:01:10,282 - INFO - Froze base layers
2024-11-30 23:01:10,282 - INFO - Froze base layers
2024-11-30 23:01:10,282 - INFO - Froze base layers
2024-11-30 23:01:10,282 - INFO - Froze base layers
2024-11-30 23:01:10,282 - INFO - Froze base layers
2024-11-30 23:01:10,282 - INFO - Froze base layers
2024-11-30 23:01:10,282 - INFO - Froze base layers
2024-11-30 23:01:10,282 - INFO - Froze base layers
2024-11-30 23:01:10,282 - INFO - Froze base layers
2024-11-30 23:01:10,282 - INFO - Froze base layers
2024-11-30 23:01:10,282 - INFO - Froze base layers
2024-11-30 23:01:10,282 - INFO - Froze base layers
2024-11-30 23:01:10,282 - INFO - Froze base layers
2024-11-30 23:01:10,282 - INFO - Froze base layers
2024-11-30 23:01:10,282 - INFO - Froze base layers
2024-11-30 23:01:10,282 - INFO - Froze base layers
2024-11-30 23:01:10,282 - INFO - Froze base layers
2024-11-30 23:01:10,282 - INFO - Froze base layers
2024-11-30 23:01:10,282 - INFO - Froze base layers
2024-11-30 23:01:10,282 - INFO - Froze base layers
2024-11-30 23:01:10,282 - INFO - Froze base layers
2024-11-30 23:01:10,282 - INFO - Froze base layers
2024-11-30 23:01:10,282 - INFO - Froze base layers
2024-11-30 23:01:10,282 - INFO - Froze base layers
2024-11-30 23:01:10,282 - INFO - Froze base layers
2024-11-30 23:01:10,282 - INFO - Froze base layers
2024-11-30 23:01:10,282 - INFO - Froze base layers
2024-11-30 23:01:10,282 - INFO - Froze base layers
2024-11-30 23:01:10,282 - INFO - Froze base layers
2024-11-30 23:01:10,282 - INFO - Froze base layers
2024-11-30 23:01:10,282 - INFO - Froze base layers
2024-11-30 23:01:10,283 - INFO - Froze base layers
2024-11-30 23:01:10,283 - INFO - Froze base layers
2024-11-30 23:01:10,283 - INFO - Froze base layers
2024-11-30 23:01:10,283 - INFO - Froze base layers
2024-11-30 23:01:10,283 - INFO - Froze base layers
2024-11-30 23:01:10,283 - INFO - Froze base layers
2024-11-30 23:01:10,283 - INFO - Froze base layers
2024-11-30 23:01:10,283 - INFO - Froze base layers
2024-11-30 23:01:10,283 - INFO - Froze base layers
2024-11-30 23:01:10,283 - INFO - Froze base layers
2024-11-30 23:01:10,283 - INFO - Froze base layers
2024-11-30 23:01:10,283 - INFO - Froze base layers
2024-11-30 23:01:10,283 - INFO - Froze base layers
2024-11-30 23:01:10,283 - INFO - Froze base layers
2024-11-30 23:01:10,283 - INFO - Froze base layers
2024-11-30 23:01:10,283 - INFO - Froze base layers
2024-11-30 23:01:10,283 - INFO - Froze base layers
2024-11-30 23:01:10,283 - INFO - Froze base layers
2024-11-30 23:01:10,283 - INFO - Froze base layers
2024-11-30 23:01:10,283 - INFO - Froze base layers
2024-11-30 23:01:10,283 - INFO - Froze base layers
2024-11-30 23:01:10,283 - INFO - Froze base layers
2024-11-30 23:01:10,283 - INFO - Froze base layers
2024-11-30 23:01:10,283 - INFO - Froze base layers
2024-11-30 23:01:10,283 - INFO - Froze base layers
2024-11-30 23:01:10,283 - INFO - Froze base layers
2024-11-30 23:01:10,283 - INFO - Froze base layers
2024-11-30 23:01:10,283 - INFO - Froze base layers
2024-11-30 23:01:10,283 - INFO - Froze base layers
2024-11-30 23:01:10,283 - INFO - Froze base layers
2024-11-30 23:01:10,283 - INFO - Froze base layers
2024-11-30 23:01:10,283 - INFO - Froze base layers
2024-11-30 23:01:10,283 - INFO - Froze base layers
2024-11-30 23:01:10,283 - INFO - Froze base layers
2024-11-30 23:01:10,283 - INFO - Froze base layers
2024-11-30 23:01:10,283 - INFO - Froze base layers
2024-11-30 23:01:10,284 - INFO - Froze base layers
2024-11-30 23:01:10,284 - INFO - Froze base layers
2024-11-30 23:01:10,284 - INFO - Froze base layers
2024-11-30 23:01:10,284 - INFO - Froze base layers
2024-11-30 23:01:10,284 - INFO - Froze base layers
2024-11-30 23:01:10,284 - INFO - Froze base layers
2024-11-30 23:01:10,284 - INFO - Froze base layers
2024-11-30 23:01:10,284 - INFO - Froze base layers
2024-11-30 23:01:10,284 - INFO - Froze base layers
2024-11-30 23:01:10,284 - INFO - Froze base layers
2024-11-30 23:01:10,284 - INFO - Froze base layers
2024-11-30 23:01:10,284 - INFO - Froze base layers
2024-11-30 23:01:10,284 - INFO - Froze base layers
2024-11-30 23:01:10,284 - INFO - Froze base layers
2024-11-30 23:01:10,284 - INFO - Froze base layers
2024-11-30 23:01:10,284 - INFO - Froze base layers
2024-11-30 23:01:10,284 - INFO - Froze base layers
2024-11-30 23:01:10,284 - INFO - Froze base layers
2024-11-30 23:01:10,284 - INFO - Froze base layers
2024-11-30 23:01:10,284 - INFO - Froze base layers
2024-11-30 23:01:10,284 - INFO - Froze base layers
2024-11-30 23:01:10,284 - INFO - Froze base layers
2024-11-30 23:01:10,284 - INFO - Froze base layers
2024-11-30 23:01:10,284 - INFO - Froze base layers
2024-11-30 23:01:10,284 - INFO - Froze base layers
2024-11-30 23:01:10,284 - INFO - Froze base layers
2024-11-30 23:01:10,284 - INFO - Froze base layers
2024-11-30 23:01:10,284 - INFO - Froze base layers
2024-11-30 23:01:10,284 - INFO - Froze base layers
2024-11-30 23:01:10,284 - INFO - Froze base layers
2024-11-30 23:01:10,284 - INFO - Froze base layers
2024-11-30 23:01:10,284 - INFO - Froze base layers
2024-11-30 23:01:10,284 - INFO - Froze base layers
2024-11-30 23:01:10,284 - INFO - Froze base layers
2024-11-30 23:01:10,284 - INFO - Froze base layers
2024-11-30 23:01:10,284 - INFO - Froze base layers
2024-11-30 23:01:10,284 - INFO - Froze base layers
2024-11-30 23:01:10,284 - INFO - Froze base layers
2024-11-30 23:01:10,508 - INFO - Model setup completed
2024-11-30 23:01:10,509 - INFO - Starting training...
2024-11-30 23:02:02,978 - INFO - Model saved to /Users/brian/Documents/matgl/logs/checkpoints
2024-11-30 23:02:19,622 - INFO - Training completed in 93.73 seconds
2024-12-01 03:52:52,396 - INFO - Starting training process...
2024-12-01 03:53:16,251 - INFO - Setting up M3GNet model...
2024-12-01 03:53:16,252 - INFO - Using cached local file at /Users/brian/.cache/matgl/M3GNet-MP-2021.2.8-PES/model.pt...
2024-12-01 03:53:16,252 - INFO - Using cached local file at /Users/brian/.cache/matgl/M3GNet-MP-2021.2.8-PES/state.pt...
2024-12-01 03:53:16,252 - INFO - Using cached local file at /Users/brian/.cache/matgl/M3GNet-MP-2021.2.8-PES/model.json...
2024-12-01 03:53:16,347 - INFO - Transferred pretrained weights to new model
2024-12-01 03:53:16,347 - INFO - Froze base layers
2024-12-01 03:53:16,347 - INFO - Froze base layers
2024-12-01 03:53:16,347 - INFO - Froze base layers
2024-12-01 03:53:16,347 - INFO - Froze base layers
2024-12-01 03:53:16,347 - INFO - Froze base layers
2024-12-01 03:53:16,347 - INFO - Froze base layers
2024-12-01 03:53:16,347 - INFO - Froze base layers
2024-12-01 03:53:16,347 - INFO - Froze base layers
2024-12-01 03:53:16,347 - INFO - Froze base layers
2024-12-01 03:53:16,347 - INFO - Froze base layers
2024-12-01 03:53:16,347 - INFO - Froze base layers
2024-12-01 03:53:16,347 - INFO - Froze base layers
2024-12-01 03:53:16,348 - INFO - Froze base layers
2024-12-01 03:53:16,348 - INFO - Froze base layers
2024-12-01 03:53:16,348 - INFO - Froze base layers
2024-12-01 03:53:16,348 - INFO - Froze base layers
2024-12-01 03:53:16,348 - INFO - Froze base layers
2024-12-01 03:53:16,348 - INFO - Froze base layers
2024-12-01 03:53:16,348 - INFO - Froze base layers
2024-12-01 03:53:16,348 - INFO - Froze base layers
2024-12-01 03:53:16,348 - INFO - Froze base layers
2024-12-01 03:53:16,348 - INFO - Froze base layers
2024-12-01 03:53:16,348 - INFO - Froze base layers
2024-12-01 03:53:16,348 - INFO - Froze base layers
2024-12-01 03:53:16,348 - INFO - Froze base layers
2024-12-01 03:53:16,348 - INFO - Froze base layers
2024-12-01 03:53:16,348 - INFO - Froze base layers
2024-12-01 03:53:16,348 - INFO - Froze base layers
2024-12-01 03:53:16,348 - INFO - Froze base layers
2024-12-01 03:53:16,348 - INFO - Froze base layers
2024-12-01 03:53:16,348 - INFO - Froze base layers
2024-12-01 03:53:16,348 - INFO - Froze base layers
2024-12-01 03:53:16,348 - INFO - Froze base layers
2024-12-01 03:53:16,348 - INFO - Froze base layers
2024-12-01 03:53:16,348 - INFO - Froze base layers
2024-12-01 03:53:16,348 - INFO - Froze base layers
2024-12-01 03:53:16,348 - INFO - Froze base layers
2024-12-01 03:53:16,348 - INFO - Froze base layers
2024-12-01 03:53:16,348 - INFO - Froze base layers
2024-12-01 03:53:16,348 - INFO - Froze base layers
2024-12-01 03:53:16,348 - INFO - Froze base layers
2024-12-01 03:53:16,348 - INFO - Froze base layers
2024-12-01 03:53:16,348 - INFO - Froze base layers
2024-12-01 03:53:16,348 - INFO - Froze base layers
2024-12-01 03:53:16,348 - INFO - Froze base layers
2024-12-01 03:53:16,348 - INFO - Froze base layers
2024-12-01 03:53:16,348 - INFO - Froze base layers
2024-12-01 03:53:16,348 - INFO - Froze base layers
2024-12-01 03:53:16,348 - INFO - Froze base layers
2024-12-01 03:53:16,348 - INFO - Froze base layers
2024-12-01 03:53:16,348 - INFO - Froze base layers
2024-12-01 03:53:16,348 - INFO - Froze base layers
2024-12-01 03:53:16,348 - INFO - Froze base layers
2024-12-01 03:53:16,348 - INFO - Froze base layers
2024-12-01 03:53:16,348 - INFO - Froze base layers
2024-12-01 03:53:16,348 - INFO - Froze base layers
2024-12-01 03:53:16,348 - INFO - Froze base layers
2024-12-01 03:53:16,348 - INFO - Froze base layers
2024-12-01 03:53:16,349 - INFO - Froze base layers
2024-12-01 03:53:16,349 - INFO - Froze base layers
2024-12-01 03:53:16,349 - INFO - Froze base layers
2024-12-01 03:53:16,349 - INFO - Froze base layers
2024-12-01 03:53:16,349 - INFO - Froze base layers
2024-12-01 03:53:16,349 - INFO - Froze base layers
2024-12-01 03:53:16,349 - INFO - Froze base layers
2024-12-01 03:53:16,349 - INFO - Froze base layers
2024-12-01 03:53:16,349 - INFO - Froze base layers
2024-12-01 03:53:16,349 - INFO - Froze base layers
2024-12-01 03:53:16,349 - INFO - Froze base layers
2024-12-01 03:53:16,349 - INFO - Froze base layers
2024-12-01 03:53:16,349 - INFO - Froze base layers
2024-12-01 03:53:16,349 - INFO - Froze base layers
2024-12-01 03:53:16,349 - INFO - Froze base layers
2024-12-01 03:53:16,349 - INFO - Froze base layers
2024-12-01 03:53:16,349 - INFO - Froze base layers
2024-12-01 03:53:16,349 - INFO - Froze base layers
2024-12-01 03:53:16,349 - INFO - Froze base layers
2024-12-01 03:53:16,349 - INFO - Froze base layers
2024-12-01 03:53:16,349 - INFO - Froze base layers
2024-12-01 03:53:16,349 - INFO - Froze base layers
2024-12-01 03:53:16,349 - INFO - Froze base layers
2024-12-01 03:53:16,349 - INFO - Froze base layers
2024-12-01 03:53:16,349 - INFO - Froze base layers
2024-12-01 03:53:16,349 - INFO - Froze base layers
2024-12-01 03:53:16,350 - INFO - Froze base layers
2024-12-01 03:53:16,350 - INFO - Froze base layers
2024-12-01 03:53:16,350 - INFO - Froze base layers
2024-12-01 03:53:16,350 - INFO - Froze base layers
2024-12-01 03:53:16,350 - INFO - Froze base layers
2024-12-01 03:53:16,350 - INFO - Froze base layers
2024-12-01 03:53:16,350 - INFO - Froze base layers
2024-12-01 03:53:16,350 - INFO - Froze base layers
2024-12-01 03:53:16,350 - INFO - Froze base layers
2024-12-01 03:53:16,350 - INFO - Froze base layers
2024-12-01 03:53:16,350 - INFO - Froze base layers
2024-12-01 03:53:16,350 - INFO - Froze base layers
2024-12-01 03:53:16,350 - INFO - Froze base layers
2024-12-01 03:53:16,350 - INFO - Froze base layers
2024-12-01 03:53:16,350 - INFO - Froze base layers
2024-12-01 03:53:16,350 - INFO - Froze base layers
2024-12-01 03:53:16,350 - INFO - Froze base layers
2024-12-01 03:53:16,350 - INFO - Froze base layers
2024-12-01 03:53:16,350 - INFO - Froze base layers
2024-12-01 03:53:16,350 - INFO - Froze base layers
2024-12-01 03:53:16,350 - INFO - Froze base layers
2024-12-01 03:53:16,350 - INFO - Froze base layers
2024-12-01 03:53:16,350 - INFO - Froze base layers
2024-12-01 03:53:16,350 - INFO - Froze base layers
2024-12-01 03:53:16,350 - INFO - Froze base layers
2024-12-01 03:53:16,350 - INFO - Froze base layers
2024-12-01 03:53:16,350 - INFO - Froze base layers
2024-12-01 03:53:16,531 - INFO - Model setup completed
2024-12-01 03:53:16,532 - INFO - Starting training...
2024-12-01 03:54:02,393 - INFO - Model saved to /Users/brian/Documents/matgl/logs/checkpoints/finetuned_model.pt
2024-12-01 03:54:17,678 - INFO - Training completed in 85.28 seconds
2024-12-01 04:00:41,382 - INFO - Starting training process...
2024-12-01 04:01:05,034 - INFO - Setting up M3GNet model...
2024-12-01 04:01:05,034 - INFO - Using cached local file at /Users/brian/.cache/matgl/M3GNet-MP-2021.2.8-PES/model.pt...
2024-12-01 04:01:05,034 - INFO - Using cached local file at /Users/brian/.cache/matgl/M3GNet-MP-2021.2.8-PES/state.pt...
2024-12-01 04:01:05,034 - INFO - Using cached local file at /Users/brian/.cache/matgl/M3GNet-MP-2021.2.8-PES/model.json...
2024-12-01 04:01:05,114 - ERROR - Error in model setup: 'M3GNet' object has no attribute 'to_potential'
2024-12-01 04:01:05,114 - ERROR - Error during training: 'M3GNet' object has no attribute 'to_potential'
2024-12-01 04:02:35,430 - INFO - Starting training process...
2024-12-01 04:03:00,214 - INFO - Setting up M3GNet model...
2024-12-01 04:03:00,214 - INFO - Using cached local file at /Users/brian/.cache/matgl/M3GNet-MP-2021.2.8-PES/model.pt...
2024-12-01 04:03:00,214 - INFO - Using cached local file at /Users/brian/.cache/matgl/M3GNet-MP-2021.2.8-PES/state.pt...
2024-12-01 04:03:00,214 - INFO - Using cached local file at /Users/brian/.cache/matgl/M3GNet-MP-2021.2.8-PES/model.json...
2024-12-01 04:03:00,298 - ERROR - Error in model setup: 'M3GNet' object has no attribute 'to_potential'
2024-12-01 04:03:00,298 - ERROR - Error during training: 'M3GNet' object has no attribute 'to_potential'
2024-12-01 04:04:12,310 - INFO - Starting training process...
2024-12-01 04:04:35,531 - INFO - Setting up M3GNet model...
2024-12-01 04:04:35,531 - INFO - Using cached local file at /Users/brian/.cache/matgl/M3GNet-MP-2021.2.8-PES/model.pt...
2024-12-01 04:04:35,531 - INFO - Using cached local file at /Users/brian/.cache/matgl/M3GNet-MP-2021.2.8-PES/state.pt...
2024-12-01 04:04:35,531 - INFO - Using cached local file at /Users/brian/.cache/matgl/M3GNet-MP-2021.2.8-PES/model.json...
2024-12-01 04:04:35,585 - ERROR - Error in model setup: 'NoneType' object has no attribute 'named_parameters'
2024-12-01 04:04:35,585 - ERROR - Error during training: 'NoneType' object has no attribute 'named_parameters'
2024-12-01 04:05:23,211 - INFO - Starting training process...
2024-12-01 04:05:46,814 - INFO - Setting up M3GNet model...
2024-12-01 04:05:46,814 - INFO - Using cached local file at /Users/brian/.cache/matgl/M3GNet-MP-2021.2.8-PES/model.pt...
2024-12-01 04:05:46,814 - INFO - Using cached local file at /Users/brian/.cache/matgl/M3GNet-MP-2021.2.8-PES/state.pt...
2024-12-01 04:05:46,814 - INFO - Using cached local file at /Users/brian/.cache/matgl/M3GNet-MP-2021.2.8-PES/model.json...
2024-12-01 04:05:46,889 - INFO - Froze base layers
2024-12-01 04:05:46,889 - INFO - Froze base layers
2024-12-01 04:05:46,889 - INFO - Froze base layers
2024-12-01 04:05:46,889 - INFO - Froze base layers
2024-12-01 04:05:46,889 - INFO - Froze base layers
2024-12-01 04:05:46,889 - INFO - Froze base layers
2024-12-01 04:05:46,889 - INFO - Froze base layers
2024-12-01 04:05:46,890 - INFO - Froze base layers
2024-12-01 04:05:46,890 - INFO - Froze base layers
2024-12-01 04:05:46,890 - INFO - Froze base layers
2024-12-01 04:05:46,890 - INFO - Froze base layers
2024-12-01 04:05:46,890 - INFO - Froze base layers
2024-12-01 04:05:46,890 - INFO - Froze base layers
2024-12-01 04:05:46,890 - INFO - Froze base layers
2024-12-01 04:05:46,890 - INFO - Froze base layers
2024-12-01 04:05:46,890 - INFO - Froze base layers
2024-12-01 04:05:46,890 - INFO - Froze base layers
2024-12-01 04:05:46,890 - INFO - Froze base layers
2024-12-01 04:05:46,890 - INFO - Froze base layers
2024-12-01 04:05:46,890 - INFO - Froze base layers
2024-12-01 04:05:46,890 - INFO - Froze base layers
2024-12-01 04:05:46,890 - INFO - Froze base layers
2024-12-01 04:05:46,890 - INFO - Froze base layers
2024-12-01 04:05:46,890 - INFO - Froze base layers
2024-12-01 04:05:46,890 - INFO - Froze base layers
2024-12-01 04:05:46,890 - INFO - Froze base layers
2024-12-01 04:05:46,890 - INFO - Froze base layers
2024-12-01 04:05:46,890 - INFO - Froze base layers
2024-12-01 04:05:46,890 - INFO - Froze base layers
2024-12-01 04:05:46,890 - INFO - Froze base layers
2024-12-01 04:05:46,890 - INFO - Froze base layers
2024-12-01 04:05:46,890 - INFO - Froze base layers
2024-12-01 04:05:46,890 - INFO - Froze base layers
2024-12-01 04:05:46,890 - INFO - Froze base layers
2024-12-01 04:05:46,890 - INFO - Froze base layers
2024-12-01 04:05:46,890 - INFO - Froze base layers
2024-12-01 04:05:46,890 - INFO - Froze base layers
2024-12-01 04:05:46,890 - INFO - Froze base layers
2024-12-01 04:05:46,890 - INFO - Froze base layers
2024-12-01 04:05:46,890 - INFO - Froze base layers
2024-12-01 04:05:46,890 - INFO - Froze base layers
2024-12-01 04:05:46,890 - INFO - Froze base layers
2024-12-01 04:05:46,890 - INFO - Froze base layers
2024-12-01 04:05:46,891 - INFO - Froze base layers
2024-12-01 04:05:46,891 - INFO - Froze base layers
2024-12-01 04:05:46,891 - INFO - Froze base layers
2024-12-01 04:05:46,891 - INFO - Froze base layers
2024-12-01 04:05:46,891 - INFO - Froze base layers
2024-12-01 04:05:46,891 - INFO - Froze base layers
2024-12-01 04:05:46,891 - INFO - Froze base layers
2024-12-01 04:05:46,891 - INFO - Froze base layers
2024-12-01 04:05:46,891 - INFO - Froze base layers
2024-12-01 04:05:46,891 - INFO - Froze base layers
2024-12-01 04:05:46,891 - INFO - Froze base layers
2024-12-01 04:05:46,891 - INFO - Froze base layers
2024-12-01 04:05:46,891 - INFO - Froze base layers
2024-12-01 04:05:46,891 - INFO - Froze base layers
2024-12-01 04:05:46,891 - INFO - Froze base layers
2024-12-01 04:05:46,891 - INFO - Froze base layers
2024-12-01 04:05:46,891 - INFO - Froze base layers
2024-12-01 04:05:46,891 - INFO - Froze base layers
2024-12-01 04:05:46,891 - INFO - Froze base layers
2024-12-01 04:05:46,891 - INFO - Froze base layers
2024-12-01 04:05:46,891 - INFO - Froze base layers
2024-12-01 04:05:46,891 - INFO - Froze base layers
2024-12-01 04:05:46,891 - INFO - Froze base layers
2024-12-01 04:05:46,891 - INFO - Froze base layers
2024-12-01 04:05:46,891 - INFO - Froze base layers
2024-12-01 04:05:46,891 - INFO - Froze base layers
2024-12-01 04:05:46,891 - INFO - Froze base layers
2024-12-01 04:05:46,891 - INFO - Froze base layers
2024-12-01 04:05:46,891 - INFO - Froze base layers
2024-12-01 04:05:46,891 - INFO - Froze base layers
2024-12-01 04:05:46,891 - INFO - Froze base layers
2024-12-01 04:05:46,891 - INFO - Froze base layers
2024-12-01 04:05:46,891 - INFO - Froze base layers
2024-12-01 04:05:46,891 - INFO - Froze base layers
2024-12-01 04:05:46,891 - INFO - Froze base layers
2024-12-01 04:05:46,891 - INFO - Froze base layers
2024-12-01 04:05:46,891 - INFO - Froze base layers
2024-12-01 04:05:46,891 - INFO - Froze base layers
2024-12-01 04:05:46,892 - INFO - Froze base layers
2024-12-01 04:05:46,892 - INFO - Froze base layers
2024-12-01 04:05:46,892 - INFO - Froze base layers
2024-12-01 04:05:46,892 - INFO - Froze base layers
2024-12-01 04:05:46,892 - INFO - Froze base layers
2024-12-01 04:05:46,892 - INFO - Froze base layers
2024-12-01 04:05:46,892 - INFO - Froze base layers
2024-12-01 04:05:46,892 - INFO - Froze base layers
2024-12-01 04:05:46,892 - INFO - Froze base layers
2024-12-01 04:05:46,892 - INFO - Froze base layers
2024-12-01 04:05:46,892 - INFO - Froze base layers
2024-12-01 04:05:46,892 - INFO - Froze base layers
2024-12-01 04:05:46,892 - INFO - Froze base layers
2024-12-01 04:05:46,892 - INFO - Froze base layers
2024-12-01 04:05:46,892 - INFO - Froze base layers
2024-12-01 04:05:46,892 - INFO - Froze base layers
2024-12-01 04:05:46,892 - INFO - Froze base layers
2024-12-01 04:05:46,892 - INFO - Froze base layers
2024-12-01 04:05:46,892 - INFO - Froze base layers
2024-12-01 04:05:46,892 - INFO - Froze base layers
2024-12-01 04:05:46,892 - INFO - Froze base layers
2024-12-01 04:05:46,892 - INFO - Froze base layers
2024-12-01 04:05:46,892 - INFO - Froze base layers
2024-12-01 04:05:46,892 - INFO - Froze base layers
2024-12-01 04:05:47,083 - INFO - Model setup completed
2024-12-01 04:05:47,083 - INFO - Starting training...
2024-12-01 04:06:30,708 - INFO - Model saved to /Users/brian/Documents/matgl/logs/checkpoints
2024-12-01 04:06:45,387 - INFO - Training completed in 82.18 seconds
2024-12-01 04:09:54,295 - INFO - Starting training process...
2024-12-01 04:10:17,614 - INFO - Setting up M3GNet model...
2024-12-01 04:10:17,615 - INFO - Using cached local file at /Users/brian/.cache/matgl/M3GNet-MP-2021.2.8-PES/model.pt...
2024-12-01 04:10:17,615 - INFO - Using cached local file at /Users/brian/.cache/matgl/M3GNet-MP-2021.2.8-PES/state.pt...
2024-12-01 04:10:17,615 - INFO - Using cached local file at /Users/brian/.cache/matgl/M3GNet-MP-2021.2.8-PES/model.json...
2024-12-01 04:10:17,687 - INFO - Froze base layers
2024-12-01 04:10:17,687 - INFO - Froze base layers
2024-12-01 04:10:17,687 - INFO - Froze base layers
2024-12-01 04:10:17,687 - INFO - Froze base layers
2024-12-01 04:10:17,687 - INFO - Froze base layers
2024-12-01 04:10:17,687 - INFO - Froze base layers
2024-12-01 04:10:17,687 - INFO - Froze base layers
2024-12-01 04:10:17,687 - INFO - Froze base layers
2024-12-01 04:10:17,687 - INFO - Froze base layers
2024-12-01 04:10:17,687 - INFO - Froze base layers
2024-12-01 04:10:17,687 - INFO - Froze base layers
2024-12-01 04:10:17,687 - INFO - Froze base layers
2024-12-01 04:10:17,688 - INFO - Froze base layers
2024-12-01 04:10:17,688 - INFO - Froze base layers
2024-12-01 04:10:17,688 - INFO - Froze base layers
2024-12-01 04:10:17,688 - INFO - Froze base layers
2024-12-01 04:10:17,688 - INFO - Froze base layers
2024-12-01 04:10:17,688 - INFO - Froze base layers
2024-12-01 04:10:17,688 - INFO - Froze base layers
2024-12-01 04:10:17,688 - INFO - Froze base layers
2024-12-01 04:10:17,688 - INFO - Froze base layers
2024-12-01 04:10:17,688 - INFO - Froze base layers
2024-12-01 04:10:17,688 - INFO - Froze base layers
2024-12-01 04:10:17,688 - INFO - Froze base layers
2024-12-01 04:10:17,688 - INFO - Froze base layers
2024-12-01 04:10:17,688 - INFO - Froze base layers
2024-12-01 04:10:17,688 - INFO - Froze base layers
2024-12-01 04:10:17,688 - INFO - Froze base layers
2024-12-01 04:10:17,688 - INFO - Froze base layers
2024-12-01 04:10:17,688 - INFO - Froze base layers
2024-12-01 04:10:17,688 - INFO - Froze base layers
2024-12-01 04:10:17,688 - INFO - Froze base layers
2024-12-01 04:10:17,688 - INFO - Froze base layers
2024-12-01 04:10:17,688 - INFO - Froze base layers
2024-12-01 04:10:17,688 - INFO - Froze base layers
2024-12-01 04:10:17,688 - INFO - Froze base layers
2024-12-01 04:10:17,688 - INFO - Froze base layers
2024-12-01 04:10:17,688 - INFO - Froze base layers
2024-12-01 04:10:17,688 - INFO - Froze base layers
2024-12-01 04:10:17,688 - INFO - Froze base layers
2024-12-01 04:10:17,688 - INFO - Froze base layers
2024-12-01 04:10:17,688 - INFO - Froze base layers
2024-12-01 04:10:17,688 - INFO - Froze base layers
2024-12-01 04:10:17,688 - INFO - Froze base layers
2024-12-01 04:10:17,688 - INFO - Froze base layers
2024-12-01 04:10:17,688 - INFO - Froze base layers
2024-12-01 04:10:17,688 - INFO - Froze base layers
2024-12-01 04:10:17,688 - INFO - Froze base layers
2024-12-01 04:10:17,689 - INFO - Froze base layers
2024-12-01 04:10:17,689 - INFO - Froze base layers
2024-12-01 04:10:17,689 - INFO - Froze base layers
2024-12-01 04:10:17,689 - INFO - Froze base layers
2024-12-01 04:10:17,689 - INFO - Froze base layers
2024-12-01 04:10:17,689 - INFO - Froze base layers
2024-12-01 04:10:17,689 - INFO - Froze base layers
2024-12-01 04:10:17,689 - INFO - Froze base layers
2024-12-01 04:10:17,689 - INFO - Froze base layers
2024-12-01 04:10:17,689 - INFO - Froze base layers
2024-12-01 04:10:17,689 - INFO - Froze base layers
2024-12-01 04:10:17,689 - INFO - Froze base layers
2024-12-01 04:10:17,689 - INFO - Froze base layers
2024-12-01 04:10:17,689 - INFO - Froze base layers
2024-12-01 04:10:17,689 - INFO - Froze base layers
2024-12-01 04:10:17,689 - INFO - Froze base layers
2024-12-01 04:10:17,689 - INFO - Froze base layers
2024-12-01 04:10:17,689 - INFO - Froze base layers
2024-12-01 04:10:17,689 - INFO - Froze base layers
2024-12-01 04:10:17,689 - INFO - Froze base layers
2024-12-01 04:10:17,689 - INFO - Froze base layers
2024-12-01 04:10:17,689 - INFO - Froze base layers
2024-12-01 04:10:17,689 - INFO - Froze base layers
2024-12-01 04:10:17,689 - INFO - Froze base layers
2024-12-01 04:10:17,689 - INFO - Froze base layers
2024-12-01 04:10:17,689 - INFO - Froze base layers
2024-12-01 04:10:17,689 - INFO - Froze base layers
2024-12-01 04:10:17,689 - INFO - Froze base layers
2024-12-01 04:10:17,689 - INFO - Froze base layers
2024-12-01 04:10:17,689 - INFO - Froze base layers
2024-12-01 04:10:17,689 - INFO - Froze base layers
2024-12-01 04:10:17,689 - INFO - Froze base layers
2024-12-01 04:10:17,689 - INFO - Froze base layers
2024-12-01 04:10:17,689 - INFO - Froze base layers
2024-12-01 04:10:17,689 - INFO - Froze base layers
2024-12-01 04:10:17,689 - INFO - Froze base layers
2024-12-01 04:10:17,689 - INFO - Froze base layers
2024-12-01 04:10:17,689 - INFO - Froze base layers
2024-12-01 04:10:17,690 - INFO - Froze base layers
2024-12-01 04:10:17,690 - INFO - Froze base layers
2024-12-01 04:10:17,690 - INFO - Froze base layers
2024-12-01 04:10:17,690 - INFO - Froze base layers
2024-12-01 04:10:17,690 - INFO - Froze base layers
2024-12-01 04:10:17,690 - INFO - Froze base layers
2024-12-01 04:10:17,690 - INFO - Froze base layers
2024-12-01 04:10:17,690 - INFO - Froze base layers
2024-12-01 04:10:17,690 - INFO - Froze base layers
2024-12-01 04:10:17,690 - INFO - Froze base layers
2024-12-01 04:10:17,690 - INFO - Froze base layers
2024-12-01 04:10:17,690 - INFO - Froze base layers
2024-12-01 04:10:17,690 - INFO - Froze base layers
2024-12-01 04:10:17,690 - INFO - Froze base layers
2024-12-01 04:10:17,690 - INFO - Froze base layers
2024-12-01 04:10:17,690 - INFO - Froze base layers
2024-12-01 04:10:17,690 - INFO - Froze base layers
2024-12-01 04:10:17,690 - INFO - Froze base layers
2024-12-01 04:10:17,690 - INFO - Froze base layers
2024-12-01 04:10:17,791 - INFO - Model setup completed
2024-12-01 04:10:17,791 - INFO - Starting training...
2024-12-01 04:11:04,783 - INFO - Model saved to /Users/brian/Documents/matgl/logs/checkpoints
2024-12-01 04:11:19,366 - INFO - Training completed in 85.07 seconds
2024-12-01 04:47:31,818 - INFO - Starting training process...
2024-12-01 04:47:55,642 - INFO - Setting up M3GNet model...
2024-12-01 04:47:55,643 - INFO - Using cached local file at /Users/brian/.cache/matgl/M3GNet-MP-2021.2.8-PES/model.pt...
2024-12-01 04:47:55,643 - INFO - Using cached local file at /Users/brian/.cache/matgl/M3GNet-MP-2021.2.8-PES/state.pt...
2024-12-01 04:47:55,643 - INFO - Using cached local file at /Users/brian/.cache/matgl/M3GNet-MP-2021.2.8-PES/model.json...
2024-12-01 04:47:55,733 - INFO - Froze base layers
2024-12-01 04:47:55,733 - INFO - Froze base layers
2024-12-01 04:47:55,733 - INFO - Froze base layers
2024-12-01 04:47:55,733 - INFO - Froze base layers
2024-12-01 04:47:55,733 - INFO - Froze base layers
2024-12-01 04:47:55,734 - INFO - Froze base layers
2024-12-01 04:47:55,734 - INFO - Froze base layers
2024-12-01 04:47:55,734 - INFO - Froze base layers
2024-12-01 04:47:55,734 - INFO - Froze base layers
2024-12-01 04:47:55,734 - INFO - Froze base layers
2024-12-01 04:47:55,734 - INFO - Froze base layers
2024-12-01 04:47:55,734 - INFO - Froze base layers
2024-12-01 04:47:55,734 - INFO - Froze base layers
2024-12-01 04:47:55,734 - INFO - Froze base layers
2024-12-01 04:47:55,734 - INFO - Froze base layers
2024-12-01 04:47:55,734 - INFO - Froze base layers
2024-12-01 04:47:55,734 - INFO - Froze base layers
2024-12-01 04:47:55,734 - INFO - Froze base layers
2024-12-01 04:47:55,734 - INFO - Froze base layers
2024-12-01 04:47:55,734 - INFO - Froze base layers
2024-12-01 04:47:55,734 - INFO - Froze base layers
2024-12-01 04:47:55,734 - INFO - Froze base layers
2024-12-01 04:47:55,734 - INFO - Froze base layers
2024-12-01 04:47:55,734 - INFO - Froze base layers
2024-12-01 04:47:55,734 - INFO - Froze base layers
2024-12-01 04:47:55,734 - INFO - Froze base layers
2024-12-01 04:47:55,734 - INFO - Froze base layers
2024-12-01 04:47:55,734 - INFO - Froze base layers
2024-12-01 04:47:55,734 - INFO - Froze base layers
2024-12-01 04:47:55,734 - INFO - Froze base layers
2024-12-01 04:47:55,734 - INFO - Froze base layers
2024-12-01 04:47:55,734 - INFO - Froze base layers
2024-12-01 04:47:55,734 - INFO - Froze base layers
2024-12-01 04:47:55,734 - INFO - Froze base layers
2024-12-01 04:47:55,734 - INFO - Froze base layers
2024-12-01 04:47:55,734 - INFO - Froze base layers
2024-12-01 04:47:55,734 - INFO - Froze base layers
2024-12-01 04:47:55,734 - INFO - Froze base layers
2024-12-01 04:47:55,734 - INFO - Froze base layers
2024-12-01 04:47:55,734 - INFO - Froze base layers
2024-12-01 04:47:55,735 - INFO - Froze base layers
2024-12-01 04:47:55,735 - INFO - Froze base layers
2024-12-01 04:47:55,735 - INFO - Froze base layers
2024-12-01 04:47:55,735 - INFO - Froze base layers
2024-12-01 04:47:55,735 - INFO - Froze base layers
2024-12-01 04:47:55,735 - INFO - Froze base layers
2024-12-01 04:47:55,735 - INFO - Froze base layers
2024-12-01 04:47:55,735 - INFO - Froze base layers
2024-12-01 04:47:55,735 - INFO - Froze base layers
2024-12-01 04:47:55,735 - INFO - Froze base layers
2024-12-01 04:47:55,735 - INFO - Froze base layers
2024-12-01 04:47:55,735 - INFO - Froze base layers
2024-12-01 04:47:55,735 - INFO - Froze base layers
2024-12-01 04:47:55,735 - INFO - Froze base layers
2024-12-01 04:47:55,735 - INFO - Froze base layers
2024-12-01 04:47:55,735 - INFO - Froze base layers
2024-12-01 04:47:55,735 - INFO - Froze base layers
2024-12-01 04:47:55,735 - INFO - Froze base layers
2024-12-01 04:47:55,735 - INFO - Froze base layers
2024-12-01 04:47:55,735 - INFO - Froze base layers
2024-12-01 04:47:55,735 - INFO - Froze base layers
2024-12-01 04:47:55,735 - INFO - Froze base layers
2024-12-01 04:47:55,735 - INFO - Froze base layers
2024-12-01 04:47:55,735 - INFO - Froze base layers
2024-12-01 04:47:55,735 - INFO - Froze base layers
2024-12-01 04:47:55,735 - INFO - Froze base layers
2024-12-01 04:47:55,735 - INFO - Froze base layers
2024-12-01 04:47:55,735 - INFO - Froze base layers
2024-12-01 04:47:55,735 - INFO - Froze base layers
2024-12-01 04:47:55,735 - INFO - Froze base layers
2024-12-01 04:47:55,735 - INFO - Froze base layers
2024-12-01 04:47:55,735 - INFO - Froze base layers
2024-12-01 04:47:55,735 - INFO - Froze base layers
2024-12-01 04:47:55,735 - INFO - Froze base layers
2024-12-01 04:47:55,735 - INFO - Froze base layers
2024-12-01 04:47:55,735 - INFO - Froze base layers
2024-12-01 04:47:55,735 - INFO - Froze base layers
2024-12-01 04:47:55,735 - INFO - Froze base layers
2024-12-01 04:47:55,735 - INFO - Froze base layers
2024-12-01 04:47:55,736 - INFO - Froze base layers
2024-12-01 04:47:55,736 - INFO - Froze base layers
2024-12-01 04:47:55,736 - INFO - Froze base layers
2024-12-01 04:47:55,736 - INFO - Froze base layers
2024-12-01 04:47:55,736 - INFO - Froze base layers
2024-12-01 04:47:55,736 - INFO - Froze base layers
2024-12-01 04:47:55,736 - INFO - Froze base layers
2024-12-01 04:47:55,736 - INFO - Froze base layers
2024-12-01 04:47:55,736 - INFO - Froze base layers
2024-12-01 04:47:55,736 - INFO - Froze base layers
2024-12-01 04:47:55,736 - INFO - Froze base layers
2024-12-01 04:47:55,736 - INFO - Froze base layers
2024-12-01 04:47:55,736 - INFO - Froze base layers
2024-12-01 04:47:55,736 - INFO - Froze base layers
2024-12-01 04:47:55,736 - INFO - Froze base layers
2024-12-01 04:47:55,736 - INFO - Froze base layers
2024-12-01 04:47:55,736 - INFO - Froze base layers
2024-12-01 04:47:55,736 - INFO - Froze base layers
2024-12-01 04:47:55,736 - INFO - Froze base layers
2024-12-01 04:47:55,736 - INFO - Froze base layers
2024-12-01 04:47:55,736 - INFO - Froze base layers
2024-12-01 04:47:55,736 - INFO - Froze base layers
2024-12-01 04:47:55,736 - INFO - Froze base layers
2024-12-01 04:47:55,736 - INFO - Froze base layers
2024-12-01 04:47:55,736 - INFO - Froze base layers
2024-12-01 04:47:55,736 - INFO - Froze base layers
2024-12-01 04:47:55,917 - INFO - Model setup completed
2024-12-01 04:47:55,917 - INFO - Starting training...
2024-12-01 04:48:30,377 - INFO - Model saved to /Users/brian/Documents/matgl/logs/checkpoints
2024-12-01 04:48:39,942 - INFO - Training completed in 68.12 seconds
2024-12-02 15:51:56,493 - INFO - Starting training process...
2024-12-02 15:52:23,617 - INFO - Setting up M3GNet model...
2024-12-02 15:52:23,620 - INFO - Using cached local file at /Users/brian/.cache/matgl/M3GNet-MP-2021.2.8-PES/model.pt...
2024-12-02 15:52:23,620 - INFO - Using cached local file at /Users/brian/.cache/matgl/M3GNet-MP-2021.2.8-PES/state.pt...
2024-12-02 15:52:23,620 - INFO - Using cached local file at /Users/brian/.cache/matgl/M3GNet-MP-2021.2.8-PES/model.json...
2024-12-02 15:52:23,723 - INFO - Froze base layers
2024-12-02 15:52:23,723 - INFO - Froze base layers
2024-12-02 15:52:23,723 - INFO - Froze base layers
2024-12-02 15:52:23,723 - INFO - Froze base layers
2024-12-02 15:52:23,723 - INFO - Froze base layers
2024-12-02 15:52:23,723 - INFO - Froze base layers
2024-12-02 15:52:23,723 - INFO - Froze base layers
2024-12-02 15:52:23,723 - INFO - Froze base layers
2024-12-02 15:52:23,723 - INFO - Froze base layers
2024-12-02 15:52:23,723 - INFO - Froze base layers
2024-12-02 15:52:23,723 - INFO - Froze base layers
2024-12-02 15:52:23,723 - INFO - Froze base layers
2024-12-02 15:52:23,723 - INFO - Froze base layers
2024-12-02 15:52:23,723 - INFO - Froze base layers
2024-12-02 15:52:23,723 - INFO - Froze base layers
2024-12-02 15:52:23,723 - INFO - Froze base layers
2024-12-02 15:52:23,723 - INFO - Froze base layers
2024-12-02 15:52:23,723 - INFO - Froze base layers
2024-12-02 15:52:23,723 - INFO - Froze base layers
2024-12-02 15:52:23,723 - INFO - Froze base layers
2024-12-02 15:52:23,723 - INFO - Froze base layers
2024-12-02 15:52:23,724 - INFO - Froze base layers
2024-12-02 15:52:23,724 - INFO - Froze base layers
2024-12-02 15:52:23,725 - INFO - Froze base layers
2024-12-02 15:52:23,725 - INFO - Froze base layers
2024-12-02 15:52:23,725 - INFO - Froze base layers
2024-12-02 15:52:23,725 - INFO - Froze base layers
2024-12-02 15:52:23,725 - INFO - Froze base layers
2024-12-02 15:52:23,725 - INFO - Froze base layers
2024-12-02 15:52:23,725 - INFO - Froze base layers
2024-12-02 15:52:23,725 - INFO - Froze base layers
2024-12-02 15:52:23,725 - INFO - Froze base layers
2024-12-02 15:52:23,725 - INFO - Froze base layers
2024-12-02 15:52:23,725 - INFO - Froze base layers
2024-12-02 15:52:23,725 - INFO - Froze base layers
2024-12-02 15:52:23,725 - INFO - Froze base layers
2024-12-02 15:52:23,725 - INFO - Froze base layers
2024-12-02 15:52:23,725 - INFO - Froze base layers
2024-12-02 15:52:23,725 - INFO - Froze base layers
2024-12-02 15:52:23,725 - INFO - Froze base layers
2024-12-02 15:52:23,725 - INFO - Froze base layers
2024-12-02 15:52:23,725 - INFO - Froze base layers
2024-12-02 15:52:23,725 - INFO - Froze base layers
2024-12-02 15:52:23,725 - INFO - Froze base layers
2024-12-02 15:52:23,725 - INFO - Froze base layers
2024-12-02 15:52:23,725 - INFO - Froze base layers
2024-12-02 15:52:23,725 - INFO - Froze base layers
2024-12-02 15:52:23,725 - INFO - Froze base layers
2024-12-02 15:52:23,725 - INFO - Froze base layers
2024-12-02 15:52:23,725 - INFO - Froze base layers
2024-12-02 15:52:23,725 - INFO - Froze base layers
2024-12-02 15:52:23,725 - INFO - Froze base layers
2024-12-02 15:52:23,725 - INFO - Froze base layers
2024-12-02 15:52:23,725 - INFO - Froze base layers
2024-12-02 15:52:23,725 - INFO - Froze base layers
2024-12-02 15:52:23,725 - INFO - Froze base layers
2024-12-02 15:52:23,725 - INFO - Froze base layers
2024-12-02 15:52:23,725 - INFO - Froze base layers
2024-12-02 15:52:23,725 - INFO - Froze base layers
2024-12-02 15:52:23,725 - INFO - Froze base layers
2024-12-02 15:52:23,725 - INFO - Froze base layers
2024-12-02 15:52:23,725 - INFO - Froze base layers
2024-12-02 15:52:23,725 - INFO - Froze base layers
2024-12-02 15:52:23,725 - INFO - Froze base layers
2024-12-02 15:52:23,725 - INFO - Froze base layers
2024-12-02 15:52:23,725 - INFO - Froze base layers
2024-12-02 15:52:23,725 - INFO - Froze base layers
2024-12-02 15:52:23,725 - INFO - Froze base layers
2024-12-02 15:52:23,726 - INFO - Froze base layers
2024-12-02 15:52:23,726 - INFO - Froze base layers
2024-12-02 15:52:23,726 - INFO - Froze base layers
2024-12-02 15:52:23,726 - INFO - Froze base layers
2024-12-02 15:52:23,726 - INFO - Froze base layers
2024-12-02 15:52:23,726 - INFO - Froze base layers
2024-12-02 15:52:23,726 - INFO - Froze base layers
2024-12-02 15:52:23,726 - INFO - Froze base layers
2024-12-02 15:52:23,726 - INFO - Froze base layers
2024-12-02 15:52:23,726 - INFO - Froze base layers
2024-12-02 15:52:23,726 - INFO - Froze base layers
2024-12-02 15:52:23,726 - INFO - Froze base layers
2024-12-02 15:52:23,726 - INFO - Froze base layers
2024-12-02 15:52:23,726 - INFO - Froze base layers
2024-12-02 15:52:23,726 - INFO - Froze base layers
2024-12-02 15:52:23,726 - INFO - Froze base layers
2024-12-02 15:52:23,726 - INFO - Froze base layers
2024-12-02 15:52:23,726 - INFO - Froze base layers
2024-12-02 15:52:23,726 - INFO - Froze base layers
2024-12-02 15:52:23,726 - INFO - Froze base layers
2024-12-02 15:52:23,726 - INFO - Froze base layers
2024-12-02 15:52:23,726 - INFO - Froze base layers
2024-12-02 15:52:23,726 - INFO - Froze base layers
2024-12-02 15:52:23,726 - INFO - Froze base layers
2024-12-02 15:52:23,726 - INFO - Froze base layers
2024-12-02 15:52:23,726 - INFO - Froze base layers
2024-12-02 15:52:23,726 - INFO - Froze base layers
2024-12-02 15:52:23,726 - INFO - Froze base layers
2024-12-02 15:52:23,726 - INFO - Froze base layers
2024-12-02 15:52:23,726 - INFO - Froze base layers
2024-12-02 15:52:23,726 - INFO - Froze base layers
2024-12-02 15:52:23,726 - INFO - Froze base layers
2024-12-02 15:52:23,726 - INFO - Froze base layers
2024-12-02 15:52:23,726 - INFO - Froze base layers
2024-12-02 15:52:23,726 - INFO - Froze base layers
2024-12-02 15:52:23,726 - INFO - Froze base layers
2024-12-02 15:52:23,726 - INFO - Froze base layers
2024-12-02 15:52:24,575 - INFO - Model setup completed
2024-12-02 15:52:24,575 - INFO - Starting training...
2024-12-02 15:53:13,054 - INFO - Model saved to /Users/brian/Documents/matgl/logs/checkpoints
2024-12-02 15:53:28,804 - INFO - Training completed in 92.31 seconds
2024-12-02 16:00:48,057 - INFO - Starting training process...
2024-12-02 16:01:15,644 - INFO - Setting up M3GNet model...
2024-12-02 16:01:15,649 - INFO - Using cached local file at /Users/brian/.cache/matgl/M3GNet-MP-2021.2.8-PES/model.pt...
2024-12-02 16:01:15,649 - INFO - Using cached local file at /Users/brian/.cache/matgl/M3GNet-MP-2021.2.8-PES/state.pt...
2024-12-02 16:01:15,649 - INFO - Using cached local file at /Users/brian/.cache/matgl/M3GNet-MP-2021.2.8-PES/model.json...
2024-12-02 16:01:15,773 - INFO - Froze base layers
2024-12-02 16:01:15,773 - INFO - Froze base layers
2024-12-02 16:01:15,773 - INFO - Froze base layers
2024-12-02 16:01:15,773 - INFO - Froze base layers
2024-12-02 16:01:15,774 - INFO - Froze base layers
2024-12-02 16:01:15,774 - INFO - Froze base layers
2024-12-02 16:01:15,774 - INFO - Froze base layers
2024-12-02 16:01:15,774 - INFO - Froze base layers
2024-12-02 16:01:15,774 - INFO - Froze base layers
2024-12-02 16:01:15,774 - INFO - Froze base layers
2024-12-02 16:01:15,774 - INFO - Froze base layers
2024-12-02 16:01:15,774 - INFO - Froze base layers
2024-12-02 16:01:15,774 - INFO - Froze base layers
2024-12-02 16:01:15,774 - INFO - Froze base layers
2024-12-02 16:01:15,774 - INFO - Froze base layers
2024-12-02 16:01:15,774 - INFO - Froze base layers
2024-12-02 16:01:15,774 - INFO - Froze base layers
2024-12-02 16:01:15,774 - INFO - Froze base layers
2024-12-02 16:01:15,774 - INFO - Froze base layers
2024-12-02 16:01:15,774 - INFO - Froze base layers
2024-12-02 16:01:15,774 - INFO - Froze base layers
2024-12-02 16:01:15,774 - INFO - Froze base layers
2024-12-02 16:01:15,774 - INFO - Froze base layers
2024-12-02 16:01:15,774 - INFO - Froze base layers
2024-12-02 16:01:15,774 - INFO - Froze base layers
2024-12-02 16:01:15,774 - INFO - Froze base layers
2024-12-02 16:01:15,774 - INFO - Froze base layers
2024-12-02 16:01:15,774 - INFO - Froze base layers
2024-12-02 16:01:15,774 - INFO - Froze base layers
2024-12-02 16:01:15,774 - INFO - Froze base layers
2024-12-02 16:01:15,774 - INFO - Froze base layers
2024-12-02 16:01:15,774 - INFO - Froze base layers
2024-12-02 16:01:15,774 - INFO - Froze base layers
2024-12-02 16:01:15,774 - INFO - Froze base layers
2024-12-02 16:01:15,774 - INFO - Froze base layers
2024-12-02 16:01:15,774 - INFO - Froze base layers
2024-12-02 16:01:15,774 - INFO - Froze base layers
2024-12-02 16:01:15,774 - INFO - Froze base layers
2024-12-02 16:01:15,774 - INFO - Froze base layers
2024-12-02 16:01:15,774 - INFO - Froze base layers
2024-12-02 16:01:15,774 - INFO - Froze base layers
2024-12-02 16:01:15,774 - INFO - Froze base layers
2024-12-02 16:01:15,775 - INFO - Froze base layers
2024-12-02 16:01:15,775 - INFO - Froze base layers
2024-12-02 16:01:15,775 - INFO - Froze base layers
2024-12-02 16:01:15,775 - INFO - Froze base layers
2024-12-02 16:01:15,775 - INFO - Froze base layers
2024-12-02 16:01:15,775 - INFO - Froze base layers
2024-12-02 16:01:15,775 - INFO - Froze base layers
2024-12-02 16:01:15,775 - INFO - Froze base layers
2024-12-02 16:01:15,775 - INFO - Froze base layers
2024-12-02 16:01:15,775 - INFO - Froze base layers
2024-12-02 16:01:15,775 - INFO - Froze base layers
2024-12-02 16:01:15,775 - INFO - Froze base layers
2024-12-02 16:01:15,775 - INFO - Froze base layers
2024-12-02 16:01:15,775 - INFO - Froze base layers
2024-12-02 16:01:15,775 - INFO - Froze base layers
2024-12-02 16:01:15,775 - INFO - Froze base layers
2024-12-02 16:01:15,775 - INFO - Froze base layers
2024-12-02 16:01:15,775 - INFO - Froze base layers
2024-12-02 16:01:15,775 - INFO - Froze base layers
2024-12-02 16:01:15,775 - INFO - Froze base layers
2024-12-02 16:01:15,775 - INFO - Froze base layers
2024-12-02 16:01:15,775 - INFO - Froze base layers
2024-12-02 16:01:15,775 - INFO - Froze base layers
2024-12-02 16:01:15,775 - INFO - Froze base layers
2024-12-02 16:01:15,775 - INFO - Froze base layers
2024-12-02 16:01:15,775 - INFO - Froze base layers
2024-12-02 16:01:15,775 - INFO - Froze base layers
2024-12-02 16:01:15,775 - INFO - Froze base layers
2024-12-02 16:01:15,775 - INFO - Froze base layers
2024-12-02 16:01:15,775 - INFO - Froze base layers
2024-12-02 16:01:15,775 - INFO - Froze base layers
2024-12-02 16:01:15,775 - INFO - Froze base layers
2024-12-02 16:01:15,775 - INFO - Froze base layers
2024-12-02 16:01:15,775 - INFO - Froze base layers
2024-12-02 16:01:15,775 - INFO - Froze base layers
2024-12-02 16:01:15,775 - INFO - Froze base layers
2024-12-02 16:01:15,775 - INFO - Froze base layers
2024-12-02 16:01:15,775 - INFO - Froze base layers
2024-12-02 16:01:15,775 - INFO - Froze base layers
2024-12-02 16:01:15,775 - INFO - Froze base layers
2024-12-02 16:01:15,775 - INFO - Froze base layers
2024-12-02 16:01:15,775 - INFO - Froze base layers
2024-12-02 16:01:15,775 - INFO - Froze base layers
2024-12-02 16:01:15,775 - INFO - Froze base layers
2024-12-02 16:01:15,775 - INFO - Froze base layers
2024-12-02 16:01:15,775 - INFO - Froze base layers
2024-12-02 16:01:15,775 - INFO - Froze base layers
2024-12-02 16:01:15,775 - INFO - Froze base layers
2024-12-02 16:01:15,776 - INFO - Froze base layers
2024-12-02 16:01:15,776 - INFO - Froze base layers
2024-12-02 16:01:15,776 - INFO - Froze base layers
2024-12-02 16:01:15,776 - INFO - Froze base layers
2024-12-02 16:01:15,776 - INFO - Froze base layers
2024-12-02 16:01:15,776 - INFO - Froze base layers
2024-12-02 16:01:15,776 - INFO - Froze base layers
2024-12-02 16:01:15,776 - INFO - Froze base layers
2024-12-02 16:01:15,776 - INFO - Froze base layers
2024-12-02 16:01:15,776 - INFO - Froze base layers
2024-12-02 16:01:15,776 - INFO - Froze base layers
2024-12-02 16:01:15,776 - INFO - Froze base layers
2024-12-02 16:01:15,776 - INFO - Froze base layers
2024-12-02 16:01:15,776 - INFO - Froze base layers
2024-12-02 16:01:15,776 - INFO - Froze base layers
2024-12-02 16:01:16,558 - INFO - Model setup completed
2024-12-02 16:01:16,559 - INFO - Starting training...
2024-12-02 16:02:00,608 - ERROR - Error during training: 'M3GNet' object has no attribute 'dim_node_embedding'
2024-12-02 16:03:48,443 - INFO - Starting training process...
2024-12-02 16:04:15,917 - INFO - Setting up M3GNet model...
2024-12-02 16:04:15,920 - INFO - Using cached local file at /Users/brian/.cache/matgl/M3GNet-MP-2021.2.8-PES/model.pt...
2024-12-02 16:04:15,920 - INFO - Using cached local file at /Users/brian/.cache/matgl/M3GNet-MP-2021.2.8-PES/state.pt...
2024-12-02 16:04:15,920 - INFO - Using cached local file at /Users/brian/.cache/matgl/M3GNet-MP-2021.2.8-PES/model.json...
2024-12-02 16:04:16,060 - INFO - Froze base layers
2024-12-02 16:04:16,061 - INFO - Froze base layers
2024-12-02 16:04:16,061 - INFO - Froze base layers
2024-12-02 16:04:16,061 - INFO - Froze base layers
2024-12-02 16:04:16,061 - INFO - Froze base layers
2024-12-02 16:04:16,061 - INFO - Froze base layers
2024-12-02 16:04:16,061 - INFO - Froze base layers
2024-12-02 16:04:16,061 - INFO - Froze base layers
2024-12-02 16:04:16,061 - INFO - Froze base layers
2024-12-02 16:04:16,061 - INFO - Froze base layers
2024-12-02 16:04:16,061 - INFO - Froze base layers
2024-12-02 16:04:16,061 - INFO - Froze base layers
2024-12-02 16:04:16,061 - INFO - Froze base layers
2024-12-02 16:04:16,061 - INFO - Froze base layers
2024-12-02 16:04:16,061 - INFO - Froze base layers
2024-12-02 16:04:16,061 - INFO - Froze base layers
2024-12-02 16:04:16,061 - INFO - Froze base layers
2024-12-02 16:04:16,061 - INFO - Froze base layers
2024-12-02 16:04:16,061 - INFO - Froze base layers
2024-12-02 16:04:16,061 - INFO - Froze base layers
2024-12-02 16:04:16,061 - INFO - Froze base layers
2024-12-02 16:04:16,061 - INFO - Froze base layers
2024-12-02 16:04:16,061 - INFO - Froze base layers
2024-12-02 16:04:16,061 - INFO - Froze base layers
2024-12-02 16:04:16,061 - INFO - Froze base layers
2024-12-02 16:04:16,061 - INFO - Froze base layers
2024-12-02 16:04:16,061 - INFO - Froze base layers
2024-12-02 16:04:16,061 - INFO - Froze base layers
2024-12-02 16:04:16,061 - INFO - Froze base layers
2024-12-02 16:04:16,062 - INFO - Froze base layers
2024-12-02 16:04:16,062 - INFO - Froze base layers
2024-12-02 16:04:16,062 - INFO - Froze base layers
2024-12-02 16:04:16,062 - INFO - Froze base layers
2024-12-02 16:04:16,062 - INFO - Froze base layers
2024-12-02 16:04:16,062 - INFO - Froze base layers
2024-12-02 16:04:16,062 - INFO - Froze base layers
2024-12-02 16:04:16,062 - INFO - Froze base layers
2024-12-02 16:04:16,062 - INFO - Froze base layers
2024-12-02 16:04:16,062 - INFO - Froze base layers
2024-12-02 16:04:16,062 - INFO - Froze base layers
2024-12-02 16:04:16,062 - INFO - Froze base layers
2024-12-02 16:04:16,062 - INFO - Froze base layers
2024-12-02 16:04:16,062 - INFO - Froze base layers
2024-12-02 16:04:16,062 - INFO - Froze base layers
2024-12-02 16:04:16,062 - INFO - Froze base layers
2024-12-02 16:04:16,062 - INFO - Froze base layers
2024-12-02 16:04:16,062 - INFO - Froze base layers
2024-12-02 16:04:16,062 - INFO - Froze base layers
2024-12-02 16:04:16,062 - INFO - Froze base layers
2024-12-02 16:04:16,062 - INFO - Froze base layers
2024-12-02 16:04:16,062 - INFO - Froze base layers
2024-12-02 16:04:16,062 - INFO - Froze base layers
2024-12-02 16:04:16,062 - INFO - Froze base layers
2024-12-02 16:04:16,062 - INFO - Froze base layers
2024-12-02 16:04:16,062 - INFO - Froze base layers
2024-12-02 16:04:16,062 - INFO - Froze base layers
2024-12-02 16:04:16,062 - INFO - Froze base layers
2024-12-02 16:04:16,062 - INFO - Froze base layers
2024-12-02 16:04:16,062 - INFO - Froze base layers
2024-12-02 16:04:16,062 - INFO - Froze base layers
2024-12-02 16:04:16,062 - INFO - Froze base layers
2024-12-02 16:04:16,062 - INFO - Froze base layers
2024-12-02 16:04:16,062 - INFO - Froze base layers
2024-12-02 16:04:16,062 - INFO - Froze base layers
2024-12-02 16:04:16,062 - INFO - Froze base layers
2024-12-02 16:04:16,062 - INFO - Froze base layers
2024-12-02 16:04:16,062 - INFO - Froze base layers
2024-12-02 16:04:16,062 - INFO - Froze base layers
2024-12-02 16:04:16,062 - INFO - Froze base layers
2024-12-02 16:04:16,062 - INFO - Froze base layers
2024-12-02 16:04:16,062 - INFO - Froze base layers
2024-12-02 16:04:16,063 - INFO - Froze base layers
2024-12-02 16:04:16,063 - INFO - Froze base layers
2024-12-02 16:04:16,063 - INFO - Froze base layers
2024-12-02 16:04:16,063 - INFO - Froze base layers
2024-12-02 16:04:16,063 - INFO - Froze base layers
2024-12-02 16:04:16,063 - INFO - Froze base layers
2024-12-02 16:04:16,063 - INFO - Froze base layers
2024-12-02 16:04:16,063 - INFO - Froze base layers
2024-12-02 16:04:16,063 - INFO - Froze base layers
2024-12-02 16:04:16,063 - INFO - Froze base layers
2024-12-02 16:04:16,063 - INFO - Froze base layers
2024-12-02 16:04:16,063 - INFO - Froze base layers
2024-12-02 16:04:16,063 - INFO - Froze base layers
2024-12-02 16:04:16,063 - INFO - Froze base layers
2024-12-02 16:04:16,063 - INFO - Froze base layers
2024-12-02 16:04:16,063 - INFO - Froze base layers
2024-12-02 16:04:16,063 - INFO - Froze base layers
2024-12-02 16:04:16,063 - INFO - Froze base layers
2024-12-02 16:04:16,063 - INFO - Froze base layers
2024-12-02 16:04:16,063 - INFO - Froze base layers
2024-12-02 16:04:16,063 - INFO - Froze base layers
2024-12-02 16:04:16,063 - INFO - Froze base layers
2024-12-02 16:04:16,063 - INFO - Froze base layers
2024-12-02 16:04:16,063 - INFO - Froze base layers
2024-12-02 16:04:16,063 - INFO - Froze base layers
2024-12-02 16:04:16,063 - INFO - Froze base layers
2024-12-02 16:04:16,063 - INFO - Froze base layers
2024-12-02 16:04:16,063 - INFO - Froze base layers
2024-12-02 16:04:16,063 - INFO - Froze base layers
2024-12-02 16:04:16,063 - INFO - Froze base layers
2024-12-02 16:04:16,063 - INFO - Froze base layers
2024-12-02 16:04:16,063 - INFO - Froze base layers
2024-12-02 16:04:16,063 - INFO - Froze base layers
2024-12-02 16:04:16,063 - INFO - Froze base layers
2024-12-02 16:04:16,901 - INFO - Model setup completed
2024-12-02 16:04:16,901 - INFO - Starting training...
2024-12-02 16:05:01,659 - INFO - Model saved to /Users/brian/Documents/matgl/logs/checkpoints/model.pt
2024-12-02 16:05:15,869 - INFO - Training completed in 87.43 seconds
2024-12-02 16:08:01,328 - INFO - Starting training process...
2024-12-02 16:08:28,042 - INFO - Setting up M3GNet model...
2024-12-02 16:08:28,045 - INFO - Using cached local file at /Users/brian/.cache/matgl/M3GNet-MP-2021.2.8-PES/model.pt...
2024-12-02 16:08:28,045 - INFO - Using cached local file at /Users/brian/.cache/matgl/M3GNet-MP-2021.2.8-PES/state.pt...
2024-12-02 16:08:28,045 - INFO - Using cached local file at /Users/brian/.cache/matgl/M3GNet-MP-2021.2.8-PES/model.json...
2024-12-02 16:08:28,168 - INFO - Froze base layers
2024-12-02 16:08:28,168 - INFO - Froze base layers
2024-12-02 16:08:28,168 - INFO - Froze base layers
2024-12-02 16:08:28,168 - INFO - Froze base layers
2024-12-02 16:08:28,168 - INFO - Froze base layers
2024-12-02 16:08:28,168 - INFO - Froze base layers
2024-12-02 16:08:28,168 - INFO - Froze base layers
2024-12-02 16:08:28,168 - INFO - Froze base layers
2024-12-02 16:08:28,168 - INFO - Froze base layers
2024-12-02 16:08:28,168 - INFO - Froze base layers
2024-12-02 16:08:28,169 - INFO - Froze base layers
2024-12-02 16:08:28,169 - INFO - Froze base layers
2024-12-02 16:08:28,169 - INFO - Froze base layers
2024-12-02 16:08:28,169 - INFO - Froze base layers
2024-12-02 16:08:28,169 - INFO - Froze base layers
2024-12-02 16:08:28,169 - INFO - Froze base layers
2024-12-02 16:08:28,169 - INFO - Froze base layers
2024-12-02 16:08:28,169 - INFO - Froze base layers
2024-12-02 16:08:28,169 - INFO - Froze base layers
2024-12-02 16:08:28,169 - INFO - Froze base layers
2024-12-02 16:08:28,169 - INFO - Froze base layers
2024-12-02 16:08:28,169 - INFO - Froze base layers
2024-12-02 16:08:28,169 - INFO - Froze base layers
2024-12-02 16:08:28,169 - INFO - Froze base layers
2024-12-02 16:08:28,169 - INFO - Froze base layers
2024-12-02 16:08:28,169 - INFO - Froze base layers
2024-12-02 16:08:28,169 - INFO - Froze base layers
2024-12-02 16:08:28,169 - INFO - Froze base layers
2024-12-02 16:08:28,169 - INFO - Froze base layers
2024-12-02 16:08:28,169 - INFO - Froze base layers
2024-12-02 16:08:28,169 - INFO - Froze base layers
2024-12-02 16:08:28,169 - INFO - Froze base layers
2024-12-02 16:08:28,169 - INFO - Froze base layers
2024-12-02 16:08:28,169 - INFO - Froze base layers
2024-12-02 16:08:28,169 - INFO - Froze base layers
2024-12-02 16:08:28,169 - INFO - Froze base layers
2024-12-02 16:08:28,169 - INFO - Froze base layers
2024-12-02 16:08:28,169 - INFO - Froze base layers
2024-12-02 16:08:28,169 - INFO - Froze base layers
2024-12-02 16:08:28,169 - INFO - Froze base layers
2024-12-02 16:08:28,169 - INFO - Froze base layers
2024-12-02 16:08:28,170 - INFO - Froze base layers
2024-12-02 16:08:28,170 - INFO - Froze base layers
2024-12-02 16:08:28,171 - INFO - Froze base layers
2024-12-02 16:08:28,171 - INFO - Froze base layers
2024-12-02 16:08:28,171 - INFO - Froze base layers
2024-12-02 16:08:28,171 - INFO - Froze base layers
2024-12-02 16:08:28,171 - INFO - Froze base layers
2024-12-02 16:08:28,171 - INFO - Froze base layers
2024-12-02 16:08:28,171 - INFO - Froze base layers
2024-12-02 16:08:28,171 - INFO - Froze base layers
2024-12-02 16:08:28,171 - INFO - Froze base layers
2024-12-02 16:08:28,171 - INFO - Froze base layers
2024-12-02 16:08:28,171 - INFO - Froze base layers
2024-12-02 16:08:28,171 - INFO - Froze base layers
2024-12-02 16:08:28,171 - INFO - Froze base layers
2024-12-02 16:08:28,171 - INFO - Froze base layers
2024-12-02 16:08:28,171 - INFO - Froze base layers
2024-12-02 16:08:28,171 - INFO - Froze base layers
2024-12-02 16:08:28,171 - INFO - Froze base layers
2024-12-02 16:08:28,171 - INFO - Froze base layers
2024-12-02 16:08:28,171 - INFO - Froze base layers
2024-12-02 16:08:28,171 - INFO - Froze base layers
2024-12-02 16:08:28,171 - INFO - Froze base layers
2024-12-02 16:08:28,171 - INFO - Froze base layers
2024-12-02 16:08:28,171 - INFO - Froze base layers
2024-12-02 16:08:28,171 - INFO - Froze base layers
2024-12-02 16:08:28,171 - INFO - Froze base layers
2024-12-02 16:08:28,171 - INFO - Froze base layers
2024-12-02 16:08:28,171 - INFO - Froze base layers
2024-12-02 16:08:28,171 - INFO - Froze base layers
2024-12-02 16:08:28,171 - INFO - Froze base layers
2024-12-02 16:08:28,171 - INFO - Froze base layers
2024-12-02 16:08:28,171 - INFO - Froze base layers
2024-12-02 16:08:28,171 - INFO - Froze base layers
2024-12-02 16:08:28,171 - INFO - Froze base layers
2024-12-02 16:08:28,171 - INFO - Froze base layers
2024-12-02 16:08:28,171 - INFO - Froze base layers
2024-12-02 16:08:28,171 - INFO - Froze base layers
2024-12-02 16:08:28,171 - INFO - Froze base layers
2024-12-02 16:08:28,171 - INFO - Froze base layers
2024-12-02 16:08:28,171 - INFO - Froze base layers
2024-12-02 16:08:28,171 - INFO - Froze base layers
2024-12-02 16:08:28,171 - INFO - Froze base layers
2024-12-02 16:08:28,171 - INFO - Froze base layers
2024-12-02 16:08:28,171 - INFO - Froze base layers
2024-12-02 16:08:28,171 - INFO - Froze base layers
2024-12-02 16:08:28,171 - INFO - Froze base layers
2024-12-02 16:08:28,171 - INFO - Froze base layers
2024-12-02 16:08:28,172 - INFO - Froze base layers
2024-12-02 16:08:28,172 - INFO - Froze base layers
2024-12-02 16:08:28,172 - INFO - Froze base layers
2024-12-02 16:08:28,172 - INFO - Froze base layers
2024-12-02 16:08:28,172 - INFO - Froze base layers
2024-12-02 16:08:28,172 - INFO - Froze base layers
2024-12-02 16:08:28,172 - INFO - Froze base layers
2024-12-02 16:08:28,172 - INFO - Froze base layers
2024-12-02 16:08:28,172 - INFO - Froze base layers
2024-12-02 16:08:28,172 - INFO - Froze base layers
2024-12-02 16:08:28,172 - INFO - Froze base layers
2024-12-02 16:08:28,172 - INFO - Froze base layers
2024-12-02 16:08:28,172 - INFO - Froze base layers
2024-12-02 16:08:28,172 - INFO - Froze base layers
2024-12-02 16:08:28,172 - INFO - Froze base layers
2024-12-02 16:08:28,172 - INFO - Froze base layers
2024-12-02 16:08:29,008 - INFO - Model setup completed
2024-12-02 16:08:29,008 - INFO - Starting training...
2024-12-02 16:09:08,474 - INFO - Model saved to /Users/brian/Documents/matgl/logs/checkpoints/model.pt
2024-12-02 16:09:20,728 - INFO - Training completed in 79.40 seconds
2024-12-02 17:26:56,302 - INFO - Starting training process...
2024-12-02 17:27:24,624 - INFO - Setting up M3GNet model...
2024-12-02 17:27:24,629 - INFO - Using cached local file at /Users/brian/.cache/matgl/M3GNet-MP-2021.2.8-PES/model.pt...
2024-12-02 17:27:24,629 - INFO - Using cached local file at /Users/brian/.cache/matgl/M3GNet-MP-2021.2.8-PES/state.pt...
2024-12-02 17:27:24,629 - INFO - Using cached local file at /Users/brian/.cache/matgl/M3GNet-MP-2021.2.8-PES/model.json...
2024-12-02 17:27:24,756 - INFO - Transferred pretrained weights to new model
2024-12-02 17:27:24,756 - INFO - Froze base layers
2024-12-02 17:27:24,756 - INFO - Froze base layers
2024-12-02 17:27:24,756 - INFO - Froze base layers
2024-12-02 17:27:24,756 - INFO - Froze base layers
2024-12-02 17:27:24,756 - INFO - Froze base layers
2024-12-02 17:27:24,756 - INFO - Froze base layers
2024-12-02 17:27:24,756 - INFO - Froze base layers
2024-12-02 17:27:24,756 - INFO - Froze base layers
2024-12-02 17:27:24,756 - INFO - Froze base layers
2024-12-02 17:27:24,756 - INFO - Froze base layers
2024-12-02 17:27:24,756 - INFO - Froze base layers
2024-12-02 17:27:24,756 - INFO - Froze base layers
2024-12-02 17:27:24,756 - INFO - Froze base layers
2024-12-02 17:27:24,757 - INFO - Froze base layers
2024-12-02 17:27:24,757 - INFO - Froze base layers
2024-12-02 17:27:24,757 - INFO - Froze base layers
2024-12-02 17:27:24,757 - INFO - Froze base layers
2024-12-02 17:27:24,757 - INFO - Froze base layers
2024-12-02 17:27:24,757 - INFO - Froze base layers
2024-12-02 17:27:24,757 - INFO - Froze base layers
2024-12-02 17:27:24,757 - INFO - Froze base layers
2024-12-02 17:27:24,757 - INFO - Froze base layers
2024-12-02 17:27:24,757 - INFO - Froze base layers
2024-12-02 17:27:24,757 - INFO - Froze base layers
2024-12-02 17:27:24,757 - INFO - Froze base layers
2024-12-02 17:27:24,757 - INFO - Froze base layers
2024-12-02 17:27:24,757 - INFO - Froze base layers
2024-12-02 17:27:24,757 - INFO - Froze base layers
2024-12-02 17:27:24,757 - INFO - Froze base layers
2024-12-02 17:27:24,757 - INFO - Froze base layers
2024-12-02 17:27:24,757 - INFO - Froze base layers
2024-12-02 17:27:24,757 - INFO - Froze base layers
2024-12-02 17:27:24,757 - INFO - Froze base layers
2024-12-02 17:27:24,757 - INFO - Froze base layers
2024-12-02 17:27:24,757 - INFO - Froze base layers
2024-12-02 17:27:24,757 - INFO - Froze base layers
2024-12-02 17:27:24,757 - INFO - Froze base layers
2024-12-02 17:27:24,757 - INFO - Froze base layers
2024-12-02 17:27:24,757 - INFO - Froze base layers
2024-12-02 17:27:24,757 - INFO - Froze base layers
2024-12-02 17:27:24,757 - INFO - Froze base layers
2024-12-02 17:27:24,757 - INFO - Froze base layers
2024-12-02 17:27:24,757 - INFO - Froze base layers
2024-12-02 17:27:24,757 - INFO - Froze base layers
2024-12-02 17:27:24,757 - INFO - Froze base layers
2024-12-02 17:27:24,757 - INFO - Froze base layers
2024-12-02 17:27:24,757 - INFO - Froze base layers
2024-12-02 17:27:24,757 - INFO - Froze base layers
2024-12-02 17:27:24,757 - INFO - Froze base layers
2024-12-02 17:27:24,757 - INFO - Froze base layers
2024-12-02 17:27:24,757 - INFO - Froze base layers
2024-12-02 17:27:24,757 - INFO - Froze base layers
2024-12-02 17:27:24,757 - INFO - Froze base layers
2024-12-02 17:27:24,757 - INFO - Froze base layers
2024-12-02 17:27:24,757 - INFO - Froze base layers
2024-12-02 17:27:24,757 - INFO - Froze base layers
2024-12-02 17:27:24,757 - INFO - Froze base layers
2024-12-02 17:27:24,758 - INFO - Froze base layers
2024-12-02 17:27:24,758 - INFO - Froze base layers
2024-12-02 17:27:24,758 - INFO - Froze base layers
2024-12-02 17:27:24,758 - INFO - Froze base layers
2024-12-02 17:27:24,758 - INFO - Froze base layers
2024-12-02 17:27:24,758 - INFO - Froze base layers
2024-12-02 17:27:24,758 - INFO - Froze base layers
2024-12-02 17:27:24,758 - INFO - Froze base layers
2024-12-02 17:27:24,758 - INFO - Froze base layers
2024-12-02 17:27:24,758 - INFO - Froze base layers
2024-12-02 17:27:24,758 - INFO - Froze base layers
2024-12-02 17:27:24,758 - INFO - Froze base layers
2024-12-02 17:27:24,758 - INFO - Froze base layers
2024-12-02 17:27:24,758 - INFO - Froze base layers
2024-12-02 17:27:24,758 - INFO - Froze base layers
2024-12-02 17:27:24,758 - INFO - Froze base layers
2024-12-02 17:27:24,758 - INFO - Froze base layers
2024-12-02 17:27:24,758 - INFO - Froze base layers
2024-12-02 17:27:24,758 - INFO - Froze base layers
2024-12-02 17:27:24,758 - INFO - Froze base layers
2024-12-02 17:27:24,758 - INFO - Froze base layers
2024-12-02 17:27:24,760 - INFO - Froze base layers
2024-12-02 17:27:24,760 - INFO - Froze base layers
2024-12-02 17:27:24,760 - INFO - Froze base layers
2024-12-02 17:27:24,760 - INFO - Froze base layers
2024-12-02 17:27:24,760 - INFO - Froze base layers
2024-12-02 17:27:24,760 - INFO - Froze base layers
2024-12-02 17:27:24,760 - INFO - Froze base layers
2024-12-02 17:27:24,760 - INFO - Froze base layers
2024-12-02 17:27:24,760 - INFO - Froze base layers
2024-12-02 17:27:24,760 - INFO - Froze base layers
2024-12-02 17:27:24,760 - INFO - Froze base layers
2024-12-02 17:27:24,760 - INFO - Froze base layers
2024-12-02 17:27:24,760 - INFO - Froze base layers
2024-12-02 17:27:24,760 - INFO - Froze base layers
2024-12-02 17:27:24,760 - INFO - Froze base layers
2024-12-02 17:27:24,760 - INFO - Froze base layers
2024-12-02 17:27:24,760 - INFO - Froze base layers
2024-12-02 17:27:24,760 - INFO - Froze base layers
2024-12-02 17:27:24,760 - INFO - Froze base layers
2024-12-02 17:27:24,760 - INFO - Froze base layers
2024-12-02 17:27:24,760 - INFO - Froze base layers
2024-12-02 17:27:24,760 - INFO - Froze base layers
2024-12-02 17:27:24,760 - INFO - Froze base layers
2024-12-02 17:27:24,760 - INFO - Froze base layers
2024-12-02 17:27:24,760 - INFO - Froze base layers
2024-12-02 17:27:24,760 - INFO - Froze base layers
2024-12-02 17:27:24,760 - INFO - Froze base layers
2024-12-02 17:27:24,760 - INFO - Froze base layers
2024-12-02 17:27:24,760 - INFO - Froze base layers
2024-12-02 17:27:24,760 - INFO - Froze base layers
2024-12-02 17:27:24,760 - INFO - Froze base layers
2024-12-02 17:27:24,760 - INFO - Froze base layers
2024-12-02 17:27:24,761 - INFO - Froze base layers
2024-12-02 17:27:25,504 - INFO - Model setup completed
2024-12-02 17:27:25,505 - INFO - Starting training...
2024-12-02 17:28:13,504 - ERROR - Error during training: [Errno 17] File exists: '/Users/brian/Documents/matgl/logs/checkpoints/model.pt'
2024-12-02 17:28:52,511 - INFO - Starting training process...
2024-12-02 17:29:18,907 - INFO - Setting up M3GNet model...
2024-12-02 17:29:18,910 - INFO - Using cached local file at /Users/brian/.cache/matgl/M3GNet-MP-2021.2.8-PES/model.pt...
2024-12-02 17:29:18,910 - INFO - Using cached local file at /Users/brian/.cache/matgl/M3GNet-MP-2021.2.8-PES/state.pt...
2024-12-02 17:29:18,910 - INFO - Using cached local file at /Users/brian/.cache/matgl/M3GNet-MP-2021.2.8-PES/model.json...
2024-12-02 17:29:19,032 - INFO - Transferred pretrained weights to new model
2024-12-02 17:29:19,032 - INFO - Froze base layers
2024-12-02 17:29:19,032 - INFO - Froze base layers
2024-12-02 17:29:19,032 - INFO - Froze base layers
2024-12-02 17:29:19,032 - INFO - Froze base layers
2024-12-02 17:29:19,032 - INFO - Froze base layers
2024-12-02 17:29:19,032 - INFO - Froze base layers
2024-12-02 17:29:19,032 - INFO - Froze base layers
2024-12-02 17:29:19,032 - INFO - Froze base layers
2024-12-02 17:29:19,032 - INFO - Froze base layers
2024-12-02 17:29:19,032 - INFO - Froze base layers
2024-12-02 17:29:19,032 - INFO - Froze base layers
2024-12-02 17:29:19,032 - INFO - Froze base layers
2024-12-02 17:29:19,032 - INFO - Froze base layers
2024-12-02 17:29:19,032 - INFO - Froze base layers
2024-12-02 17:29:19,032 - INFO - Froze base layers
2024-12-02 17:29:19,032 - INFO - Froze base layers
2024-12-02 17:29:19,032 - INFO - Froze base layers
2024-12-02 17:29:19,032 - INFO - Froze base layers
2024-12-02 17:29:19,032 - INFO - Froze base layers
2024-12-02 17:29:19,032 - INFO - Froze base layers
2024-12-02 17:29:19,032 - INFO - Froze base layers
2024-12-02 17:29:19,032 - INFO - Froze base layers
2024-12-02 17:29:19,032 - INFO - Froze base layers
2024-12-02 17:29:19,032 - INFO - Froze base layers
2024-12-02 17:29:19,032 - INFO - Froze base layers
2024-12-02 17:29:19,032 - INFO - Froze base layers
2024-12-02 17:29:19,032 - INFO - Froze base layers
2024-12-02 17:29:19,033 - INFO - Froze base layers
2024-12-02 17:29:19,033 - INFO - Froze base layers
2024-12-02 17:29:19,033 - INFO - Froze base layers
2024-12-02 17:29:19,033 - INFO - Froze base layers
2024-12-02 17:29:19,033 - INFO - Froze base layers
2024-12-02 17:29:19,033 - INFO - Froze base layers
2024-12-02 17:29:19,033 - INFO - Froze base layers
2024-12-02 17:29:19,033 - INFO - Froze base layers
2024-12-02 17:29:19,033 - INFO - Froze base layers
2024-12-02 17:29:19,033 - INFO - Froze base layers
2024-12-02 17:29:19,033 - INFO - Froze base layers
2024-12-02 17:29:19,033 - INFO - Froze base layers
2024-12-02 17:29:19,033 - INFO - Froze base layers
2024-12-02 17:29:19,033 - INFO - Froze base layers
2024-12-02 17:29:19,033 - INFO - Froze base layers
2024-12-02 17:29:19,033 - INFO - Froze base layers
2024-12-02 17:29:19,033 - INFO - Froze base layers
2024-12-02 17:29:19,033 - INFO - Froze base layers
2024-12-02 17:29:19,033 - INFO - Froze base layers
2024-12-02 17:29:19,033 - INFO - Froze base layers
2024-12-02 17:29:19,033 - INFO - Froze base layers
2024-12-02 17:29:19,033 - INFO - Froze base layers
2024-12-02 17:29:19,033 - INFO - Froze base layers
2024-12-02 17:29:19,033 - INFO - Froze base layers
2024-12-02 17:29:19,033 - INFO - Froze base layers
2024-12-02 17:29:19,033 - INFO - Froze base layers
2024-12-02 17:29:19,033 - INFO - Froze base layers
2024-12-02 17:29:19,033 - INFO - Froze base layers
2024-12-02 17:29:19,033 - INFO - Froze base layers
2024-12-02 17:29:19,033 - INFO - Froze base layers
2024-12-02 17:29:19,033 - INFO - Froze base layers
2024-12-02 17:29:19,033 - INFO - Froze base layers
2024-12-02 17:29:19,033 - INFO - Froze base layers
2024-12-02 17:29:19,033 - INFO - Froze base layers
2024-12-02 17:29:19,033 - INFO - Froze base layers
2024-12-02 17:29:19,033 - INFO - Froze base layers
2024-12-02 17:29:19,033 - INFO - Froze base layers
2024-12-02 17:29:19,033 - INFO - Froze base layers
2024-12-02 17:29:19,033 - INFO - Froze base layers
2024-12-02 17:29:19,033 - INFO - Froze base layers
2024-12-02 17:29:19,033 - INFO - Froze base layers
2024-12-02 17:29:19,033 - INFO - Froze base layers
2024-12-02 17:29:19,033 - INFO - Froze base layers
2024-12-02 17:29:19,033 - INFO - Froze base layers
2024-12-02 17:29:19,033 - INFO - Froze base layers
2024-12-02 17:29:19,033 - INFO - Froze base layers
2024-12-02 17:29:19,033 - INFO - Froze base layers
2024-12-02 17:29:19,033 - INFO - Froze base layers
2024-12-02 17:29:19,033 - INFO - Froze base layers
2024-12-02 17:29:19,034 - INFO - Froze base layers
2024-12-02 17:29:19,034 - INFO - Froze base layers
2024-12-02 17:29:19,034 - INFO - Froze base layers
2024-12-02 17:29:19,034 - INFO - Froze base layers
2024-12-02 17:29:19,034 - INFO - Froze base layers
2024-12-02 17:29:19,034 - INFO - Froze base layers
2024-12-02 17:29:19,034 - INFO - Froze base layers
2024-12-02 17:29:19,034 - INFO - Froze base layers
2024-12-02 17:29:19,034 - INFO - Froze base layers
2024-12-02 17:29:19,034 - INFO - Froze base layers
2024-12-02 17:29:19,034 - INFO - Froze base layers
2024-12-02 17:29:19,034 - INFO - Froze base layers
2024-12-02 17:29:19,034 - INFO - Froze base layers
2024-12-02 17:29:19,034 - INFO - Froze base layers
2024-12-02 17:29:19,034 - INFO - Froze base layers
2024-12-02 17:29:19,034 - INFO - Froze base layers
2024-12-02 17:29:19,034 - INFO - Froze base layers
2024-12-02 17:29:19,034 - INFO - Froze base layers
2024-12-02 17:29:19,034 - INFO - Froze base layers
2024-12-02 17:29:19,034 - INFO - Froze base layers
2024-12-02 17:29:19,034 - INFO - Froze base layers
2024-12-02 17:29:19,034 - INFO - Froze base layers
2024-12-02 17:29:19,034 - INFO - Froze base layers
2024-12-02 17:29:19,034 - INFO - Froze base layers
2024-12-02 17:29:19,034 - INFO - Froze base layers
2024-12-02 17:29:19,034 - INFO - Froze base layers
2024-12-02 17:29:19,034 - INFO - Froze base layers
2024-12-02 17:29:19,034 - INFO - Froze base layers
2024-12-02 17:29:19,034 - INFO - Froze base layers
2024-12-02 17:29:19,034 - INFO - Froze base layers
2024-12-02 17:29:19,034 - INFO - Froze base layers
2024-12-02 17:29:19,034 - INFO - Froze base layers
2024-12-02 17:29:19,034 - INFO - Froze base layers
2024-12-02 17:29:19,034 - INFO - Froze base layers
2024-12-02 17:29:19,034 - INFO - Froze base layers
2024-12-02 17:29:19,814 - INFO - Model setup completed
2024-12-02 17:29:19,815 - INFO - Starting training...
2024-12-02 17:29:57,970 - INFO - Model saved to /Users/brian/Documents/matgl/logs/checkpoints/model.pt
2024-12-02 17:30:09,490 - INFO - Training completed in 76.98 seconds
2024-12-02 17:44:53,817 - INFO - Starting training process...
2024-12-02 17:45:15,937 - INFO - Starting training process...
2024-12-02 17:45:44,483 - INFO - Setting up M3GNet model...
2024-12-02 17:45:44,486 - INFO - Using cached local file at /Users/brian/.cache/matgl/M3GNet-MP-2021.2.8-PES/model.pt...
2024-12-02 17:45:44,487 - INFO - Using cached local file at /Users/brian/.cache/matgl/M3GNet-MP-2021.2.8-PES/state.pt...
2024-12-02 17:45:44,487 - INFO - Using cached local file at /Users/brian/.cache/matgl/M3GNet-MP-2021.2.8-PES/model.json...
2024-12-02 17:45:44,630 - INFO - Transferred pretrained weights to new model
2024-12-02 17:45:44,631 - INFO - Froze base layers
2024-12-02 17:45:44,631 - INFO - Froze base layers
2024-12-02 17:45:44,631 - INFO - Froze base layers
2024-12-02 17:45:44,631 - INFO - Froze base layers
2024-12-02 17:45:44,631 - INFO - Froze base layers
2024-12-02 17:45:44,631 - INFO - Froze base layers
2024-12-02 17:45:44,631 - INFO - Froze base layers
2024-12-02 17:45:44,631 - INFO - Froze base layers
2024-12-02 17:45:44,631 - INFO - Froze base layers
2024-12-02 17:45:44,631 - INFO - Froze base layers
2024-12-02 17:45:44,631 - INFO - Froze base layers
2024-12-02 17:45:44,631 - INFO - Froze base layers
2024-12-02 17:45:44,631 - INFO - Froze base layers
2024-12-02 17:45:44,631 - INFO - Froze base layers
2024-12-02 17:45:44,631 - INFO - Froze base layers
2024-12-02 17:45:44,631 - INFO - Froze base layers
2024-12-02 17:45:44,631 - INFO - Froze base layers
2024-12-02 17:45:44,631 - INFO - Froze base layers
2024-12-02 17:45:44,631 - INFO - Froze base layers
2024-12-02 17:45:44,632 - INFO - Froze base layers
2024-12-02 17:45:44,632 - INFO - Froze base layers
2024-12-02 17:45:44,632 - INFO - Froze base layers
2024-12-02 17:45:44,632 - INFO - Froze base layers
2024-12-02 17:45:44,632 - INFO - Froze base layers
2024-12-02 17:45:44,632 - INFO - Froze base layers
2024-12-02 17:45:44,632 - INFO - Froze base layers
2024-12-02 17:45:44,632 - INFO - Froze base layers
2024-12-02 17:45:44,632 - INFO - Froze base layers
2024-12-02 17:45:44,632 - INFO - Froze base layers
2024-12-02 17:45:44,632 - INFO - Froze base layers
2024-12-02 17:45:44,632 - INFO - Froze base layers
2024-12-02 17:45:44,632 - INFO - Froze base layers
2024-12-02 17:45:44,632 - INFO - Froze base layers
2024-12-02 17:45:44,632 - INFO - Froze base layers
2024-12-02 17:45:44,632 - INFO - Froze base layers
2024-12-02 17:45:44,632 - INFO - Froze base layers
2024-12-02 17:45:44,632 - INFO - Froze base layers
2024-12-02 17:45:44,632 - INFO - Froze base layers
2024-12-02 17:45:44,632 - INFO - Froze base layers
2024-12-02 17:45:44,632 - INFO - Froze base layers
2024-12-02 17:45:44,632 - INFO - Froze base layers
2024-12-02 17:45:44,632 - INFO - Froze base layers
2024-12-02 17:45:44,632 - INFO - Froze base layers
2024-12-02 17:45:44,632 - INFO - Froze base layers
2024-12-02 17:45:44,632 - INFO - Froze base layers
2024-12-02 17:45:44,632 - INFO - Froze base layers
2024-12-02 17:45:44,632 - INFO - Froze base layers
2024-12-02 17:45:44,632 - INFO - Froze base layers
2024-12-02 17:45:44,632 - INFO - Froze base layers
2024-12-02 17:45:44,632 - INFO - Froze base layers
2024-12-02 17:45:44,632 - INFO - Froze base layers
2024-12-02 17:45:44,632 - INFO - Froze base layers
2024-12-02 17:45:44,632 - INFO - Froze base layers
2024-12-02 17:45:44,632 - INFO - Froze base layers
2024-12-02 17:45:44,632 - INFO - Froze base layers
2024-12-02 17:45:44,632 - INFO - Froze base layers
2024-12-02 17:45:44,633 - INFO - Froze base layers
2024-12-02 17:45:44,633 - INFO - Froze base layers
2024-12-02 17:45:44,633 - INFO - Froze base layers
2024-12-02 17:45:44,633 - INFO - Froze base layers
2024-12-02 17:45:44,633 - INFO - Froze base layers
2024-12-02 17:45:44,633 - INFO - Froze base layers
2024-12-02 17:45:44,633 - INFO - Froze base layers
2024-12-02 17:45:44,633 - INFO - Froze base layers
2024-12-02 17:45:44,633 - INFO - Froze base layers
2024-12-02 17:45:44,633 - INFO - Froze base layers
2024-12-02 17:45:44,633 - INFO - Froze base layers
2024-12-02 17:45:44,633 - INFO - Froze base layers
2024-12-02 17:45:44,633 - INFO - Froze base layers
2024-12-02 17:45:44,633 - INFO - Froze base layers
2024-12-02 17:45:44,633 - INFO - Froze base layers
2024-12-02 17:45:44,633 - INFO - Froze base layers
2024-12-02 17:45:44,633 - INFO - Froze base layers
2024-12-02 17:45:44,633 - INFO - Froze base layers
2024-12-02 17:45:44,633 - INFO - Froze base layers
2024-12-02 17:45:44,633 - INFO - Froze base layers
2024-12-02 17:45:44,633 - INFO - Froze base layers
2024-12-02 17:45:44,633 - INFO - Froze base layers
2024-12-02 17:45:44,633 - INFO - Froze base layers
2024-12-02 17:45:44,633 - INFO - Froze base layers
2024-12-02 17:45:44,633 - INFO - Froze base layers
2024-12-02 17:45:44,633 - INFO - Froze base layers
2024-12-02 17:45:44,633 - INFO - Froze base layers
2024-12-02 17:45:44,633 - INFO - Froze base layers
2024-12-02 17:45:44,633 - INFO - Froze base layers
2024-12-02 17:45:44,633 - INFO - Froze base layers
2024-12-02 17:45:44,633 - INFO - Froze base layers
2024-12-02 17:45:44,633 - INFO - Froze base layers
2024-12-02 17:45:44,633 - INFO - Froze base layers
2024-12-02 17:45:44,633 - INFO - Froze base layers
2024-12-02 17:45:44,633 - INFO - Froze base layers
2024-12-02 17:45:44,633 - INFO - Froze base layers
2024-12-02 17:45:44,633 - INFO - Froze base layers
2024-12-02 17:45:44,633 - INFO - Froze base layers
2024-12-02 17:45:44,633 - INFO - Froze base layers
2024-12-02 17:45:44,633 - INFO - Froze base layers
2024-12-02 17:45:44,633 - INFO - Froze base layers
2024-12-02 17:45:44,633 - INFO - Froze base layers
2024-12-02 17:45:44,633 - INFO - Froze base layers
2024-12-02 17:45:44,634 - INFO - Froze base layers
2024-12-02 17:45:44,634 - INFO - Froze base layers
2024-12-02 17:45:44,634 - INFO - Froze base layers
2024-12-02 17:45:44,634 - INFO - Froze base layers
2024-12-02 17:45:44,634 - INFO - Froze base layers
2024-12-02 17:45:44,634 - INFO - Froze base layers
2024-12-02 17:45:44,634 - INFO - Froze base layers
2024-12-02 17:45:44,634 - INFO - Froze base layers
2024-12-02 17:45:44,634 - INFO - Froze base layers
2024-12-02 17:45:44,634 - INFO - Froze base layers
2024-12-02 17:45:44,634 - INFO - Froze base layers
2024-12-02 17:45:44,634 - INFO - Froze base layers
2024-12-02 17:45:45,566 - INFO - Model setup completed
2024-12-02 17:45:45,568 - INFO - Starting training...
2024-12-02 17:46:34,058 - INFO - Model saved to /Users/brian/Documents/matgl/logs/checkpoints
2024-12-02 17:46:49,725 - INFO - Training completed in 93.79 seconds
2024-12-02 17:49:22,924 - INFO - ...
2024-12-02 17:49:48,332 - INFO -  M3GNet ...
2024-12-02 17:49:48,447 - INFO - 
2024-12-02 17:49:49,237 - INFO - 
2024-12-02 17:49:49,237 - INFO - ...
2024-12-02 17:50:03,321 - ERROR - : Potential.forward() missing 1 required positional argument: 'lat'
2024-12-02 17:58:32,968 - INFO - ...
2024-12-02 17:59:01,433 - ERROR - : 'tuple' object has no attribute 'structure'
