2024-11-28 18:58:00,678 - INFO - Analyzing trajectory at 500K
2024-11-28 18:58:00,681 - INFO - Number of H atoms: 2
2024-11-28 18:58:00,681 - INFO - Position array shape: (201, 2, 3)
2024-11-28 18:58:00,681 - INFO - Number of analysis windows: 3
2024-11-28 18:58:02,723 - INFO - Results for 500K:
2024-11-28 18:58:02,724 - INFO - MSD: 54.3053 Å²/ps
2024-11-28 18:58:02,724 - INFO - Diffusion coefficient: 9.05e-04 ± 3.49e-04 cm²/s
2024-11-28 18:58:02,724 - INFO - Conductivity: 1.14e+01 S/cm
2024-11-28 18:58:02,772 - INFO - Analyzing trajectory at 600K
2024-11-28 18:58:02,772 - INFO - Number of H atoms: 2
2024-11-28 18:58:02,772 - INFO - Position array shape: (201, 2, 3)
2024-11-28 18:58:02,772 - INFO - Number of analysis windows: 3
2024-11-28 18:58:04,665 - INFO - Results for 600K:
2024-11-28 18:58:04,665 - INFO - MSD: 123.4351 Å²/ps
2024-11-28 18:58:04,665 - INFO - Diffusion coefficient: 2.06e-03 ± 6.46e-04 cm²/s
2024-11-28 18:58:04,665 - INFO - Conductivity: 2.16e+01 S/cm
2024-11-28 18:58:04,682 - INFO - Analyzing trajectory at 700K
2024-11-28 18:58:04,682 - INFO - Number of H atoms: 2
2024-11-28 18:58:04,682 - INFO - Position array shape: (41, 2, 3)
2024-11-28 18:58:04,682 - INFO - Number of analysis windows: 1
2024-11-28 18:58:06,627 - INFO - Results for 700K:
2024-11-28 18:58:06,627 - INFO - MSD: 88.3176 Å²/ps
2024-11-28 18:58:06,627 - INFO - Diffusion coefficient: 1.47e-03 ± 0.00e+00 cm²/s
2024-11-28 18:58:06,627 - INFO - Conductivity: 1.33e+01 S/cm
2024-11-28 18:58:06,644 - INFO - Analyzing trajectory at 1000K
2024-11-28 18:58:06,644 - INFO - Number of H atoms: 2
2024-11-28 18:58:06,644 - INFO - Position array shape: (41, 2, 3)
2024-11-28 18:58:06,644 - INFO - Number of analysis windows: 1
2024-11-28 18:58:08,546 - INFO - Results for 1000K:
2024-11-28 18:58:08,546 - INFO - MSD: 1115.9331 Å²/ps
2024-11-28 18:58:08,546 - INFO - Diffusion coefficient: 1.86e-02 ± 0.00e+00 cm²/s
2024-11-28 18:58:08,546 - INFO - Conductivity: 1.17e+02 S/cm
2024-11-28 18:58:08,563 - INFO - Analyzing trajectory at 1200K
2024-11-28 18:58:08,564 - INFO - Number of H atoms: 2
2024-11-28 18:58:08,564 - INFO - Position array shape: (41, 2, 3)
2024-11-28 18:58:08,564 - INFO - Number of analysis windows: 1
2024-11-28 18:58:10,484 - INFO - Results for 1200K:
2024-11-28 18:58:10,484 - INFO - MSD: 379.8663 Å²/ps
2024-11-28 18:58:10,484 - INFO - Diffusion coefficient: 6.33e-03 ± 0.00e+00 cm²/s
2024-11-28 18:58:10,484 - INFO - Conductivity: 3.33e+01 S/cm
2024-11-28 18:58:10,501 - INFO - Results saved to logs/md_trajectories/Ba8Zr8O24_H2/md_analysis_results.csv
2024-11-28 18:58:12,753 - INFO - Activation Energy: 0.19 eV
