2024-11-26 19:14:16,073 - INFO - Analysis initialized for Ba8Zr8O24_H8
2024-11-26 19:14:16,079 - INFO - Working directory: /Users/brian/Documents/matgl/logs/md_analysis
2024-11-26 19:14:16,080 - INFO - Structures directory: /Users/brian/Documents/matgl/data/structures
2024-11-26 19:14:16,184 - INFO - Loaded trajectory with 21 frames
2024-11-26 19:14:16,184 - INFO - Adjusted window size: 20
2024-11-26 19:14:16,184 - INFO - Adjusted shift time: 10
2024-11-26 19:14:16,186 - INFO - Analyzing trajectory at 500K
2024-11-26 19:14:16,186 - INFO - Number of H atoms: 1
2024-11-26 19:14:16,186 - INFO - Position array shape: (21, 1, 3)
2024-11-26 19:14:16,186 - INFO - Number of analysis windows: 1
2024-11-26 19:14:17,249 - INFO - Loaded trajectory with 21 frames
2024-11-26 19:14:17,250 - INFO - Adjusted window size: 20
2024-11-26 19:14:17,250 - INFO - Adjusted shift time: 10
2024-11-26 19:14:17,250 - INFO - Analyzing trajectory at 700K
2024-11-26 19:14:17,250 - INFO - Number of H atoms: 1
2024-11-26 19:14:17,250 - INFO - Position array shape: (21, 1, 3)
2024-11-26 19:14:17,250 - INFO - Number of analysis windows: 1
2024-11-26 19:14:18,272 - INFO - Loaded trajectory with 21 frames
2024-11-26 19:14:18,272 - INFO - Adjusted window size: 20
2024-11-26 19:14:18,272 - INFO - Adjusted shift time: 10
2024-11-26 19:14:18,272 - INFO - Analyzing trajectory at 1000K
2024-11-26 19:14:18,272 - INFO - Number of H atoms: 1
2024-11-26 19:14:18,272 - INFO - Position array shape: (21, 1, 3)
2024-11-26 19:14:18,272 - INFO - Number of analysis windows: 1
2024-11-26 19:14:19,249 - INFO - Loaded trajectory with 21 frames
2024-11-26 19:14:19,249 - INFO - Adjusted window size: 20
2024-11-26 19:14:19,249 - INFO - Adjusted shift time: 10
2024-11-26 19:14:19,250 - INFO - Analyzing trajectory at 1200K
2024-11-26 19:14:19,250 - INFO - Number of H atoms: 1
2024-11-26 19:14:19,250 - INFO - Position array shape: (21, 1, 3)
2024-11-26 19:14:19,250 - INFO - Number of analysis windows: 1
