2024-11-28 18:57:17,787 - INFO - Analyzing trajectory at 500K
2024-11-28 18:57:17,787 - INFO - Number of H atoms: 1
2024-11-28 18:57:17,788 - INFO - Position array shape: (201, 1, 3)
2024-11-28 18:57:17,788 - INFO - Number of analysis windows: 3
2024-11-28 18:57:19,970 - INFO - Results for 500K:
2024-11-28 18:57:19,971 - INFO - MSD: 23.0298 Å²/ps
2024-11-28 18:57:19,971 - INFO - Diffusion coefficient: 3.84e-04 ± 5.41e-04 cm²/s
2024-11-28 18:57:19,971 - INFO - Conductivity: 2.42e+00 S/cm
2024-11-28 18:57:20,023 - INFO - Analyzing trajectory at 600K
2024-11-28 18:57:20,023 - INFO - Number of H atoms: 1
2024-11-28 18:57:20,023 - INFO - Position array shape: (201, 1, 3)
2024-11-28 18:57:20,023 - INFO - Number of analysis windows: 3
2024-11-28 18:57:21,982 - INFO - Results for 600K:
2024-11-28 18:57:21,982 - INFO - MSD: 0.9499 Å²/ps
2024-11-28 18:57:21,982 - INFO - Diffusion coefficient: 1.58e-05 ± 1.38e-04 cm²/s
2024-11-28 18:57:21,982 - INFO - Conductivity: 8.32e-02 S/cm
2024-11-28 18:57:22,026 - INFO - Analyzing trajectory at 700K
2024-11-28 18:57:22,026 - INFO - Number of H atoms: 1
2024-11-28 18:57:22,026 - INFO - Position array shape: (201, 1, 3)
2024-11-28 18:57:22,026 - INFO - Number of analysis windows: 3
2024-11-28 18:57:23,924 - INFO - Results for 700K:
2024-11-28 18:57:23,924 - INFO - MSD: 42.6301 Å²/ps
2024-11-28 18:57:23,924 - INFO - Diffusion coefficient: 7.11e-04 ± 8.10e-04 cm²/s
2024-11-28 18:57:23,924 - INFO - Conductivity: 3.20e+00 S/cm
2024-11-28 18:57:23,970 - INFO - Analyzing trajectory at 800K
2024-11-28 18:57:23,970 - INFO - Number of H atoms: 1
2024-11-28 18:57:23,970 - INFO - Position array shape: (201, 1, 3)
2024-11-28 18:57:23,970 - INFO - Number of analysis windows: 3
2024-11-28 18:57:25,851 - INFO - Results for 800K:
2024-11-28 18:57:25,851 - INFO - MSD: 56.5089 Å²/ps
2024-11-28 18:57:25,851 - INFO - Diffusion coefficient: 9.42e-04 ± 2.46e-04 cm²/s
2024-11-28 18:57:25,851 - INFO - Conductivity: 3.71e+00 S/cm
2024-11-28 18:57:25,896 - INFO - Analyzing trajectory at 900K
2024-11-28 18:57:25,896 - INFO - Number of H atoms: 1
2024-11-28 18:57:25,896 - INFO - Position array shape: (201, 1, 3)
2024-11-28 18:57:25,896 - INFO - Number of analysis windows: 3
2024-11-28 18:57:27,828 - INFO - Results for 900K:
2024-11-28 18:57:27,829 - INFO - MSD: 49.0267 Å²/ps
2024-11-28 18:57:27,829 - INFO - Diffusion coefficient: 8.17e-04 ± 1.29e-03 cm²/s
2024-11-28 18:57:27,829 - INFO - Conductivity: 2.86e+00 S/cm
2024-11-28 18:57:27,900 - INFO - Analyzing trajectory at 1000K
2024-11-28 18:57:27,900 - INFO - Number of H atoms: 1
2024-11-28 18:57:27,904 - INFO - Position array shape: (201, 1, 3)
2024-11-28 18:57:27,904 - INFO - Number of analysis windows: 3
2024-11-28 18:57:29,798 - INFO - Results for 1000K:
2024-11-28 18:57:29,798 - INFO - MSD: 208.6832 Å²/ps
2024-11-28 18:57:29,798 - INFO - Diffusion coefficient: 3.48e-03 ± 3.12e-03 cm²/s
2024-11-28 18:57:29,798 - INFO - Conductivity: 1.10e+01 S/cm
2024-11-28 18:57:29,816 - INFO - Results saved to logs/md_trajectories/Ba8Zr8O24_H1/md_analysis_results.csv
2024-11-28 18:57:31,933 - INFO - Activation Energy: 0.26 eV
