2024-11-28 14:36:01,685 - INFO - Analyzing trajectory at 500K
2024-11-28 14:36:01,685 - INFO - Number of H atoms: 1
2024-11-28 14:36:01,685 - INFO - Position array shape: (101, 1, 3)
2024-11-28 14:36:01,685 - INFO - Number of analysis windows: 1
2024-11-28 14:36:03,648 - INFO - Results for 500K:
2024-11-28 14:36:03,648 - INFO - MSD: 19.1186 Å²/ps
2024-11-28 14:36:03,648 - INFO - Diffusion coefficient: 3.19e-04 ± 0.00e+00 cm²/s
2024-11-28 14:36:03,649 - INFO - Conductivity: 2.01e+00 S/cm
2024-11-28 14:36:03,677 - INFO - Analyzing trajectory at 600K
2024-11-28 14:36:03,677 - INFO - Number of H atoms: 1
2024-11-28 14:36:03,677 - INFO - Position array shape: (101, 1, 3)
2024-11-28 14:36:03,677 - INFO - Number of analysis windows: 1
2024-11-28 14:36:05,544 - INFO - Results for 600K:
2024-11-28 14:36:05,544 - INFO - MSD: 31.0654 Å²/ps
2024-11-28 14:36:05,544 - INFO - Diffusion coefficient: 5.18e-04 ± 0.00e+00 cm²/s
2024-11-28 14:36:05,544 - INFO - Conductivity: 2.72e+00 S/cm
2024-11-28 14:36:05,571 - INFO - Analyzing trajectory at 700K
2024-11-28 14:36:05,572 - INFO - Number of H atoms: 1
2024-11-28 14:36:05,572 - INFO - Position array shape: (101, 1, 3)
2024-11-28 14:36:05,572 - INFO - Number of analysis windows: 1
2024-11-28 14:36:07,406 - INFO - Results for 700K:
2024-11-28 14:36:07,406 - INFO - MSD: 7.0363 Å²/ps
2024-11-28 14:36:07,406 - INFO - Diffusion coefficient: 1.17e-04 ± 0.00e+00 cm²/s
2024-11-28 14:36:07,406 - INFO - Conductivity: 5.29e-01 S/cm
2024-11-28 14:36:07,433 - INFO - Analyzing trajectory at 800K
2024-11-28 14:36:07,433 - INFO - Number of H atoms: 1
2024-11-28 14:36:07,433 - INFO - Position array shape: (101, 1, 3)
2024-11-28 14:36:07,433 - INFO - Number of analysis windows: 1
2024-11-28 14:36:09,350 - INFO - Results for 800K:
2024-11-28 14:36:09,350 - INFO - MSD: 110.4880 Å²/ps
2024-11-28 14:36:09,350 - INFO - Diffusion coefficient: 1.84e-03 ± 0.00e+00 cm²/s
2024-11-28 14:36:09,350 - INFO - Conductivity: 7.26e+00 S/cm
2024-11-28 14:36:09,378 - INFO - Analyzing trajectory at 900K
2024-11-28 14:36:09,378 - INFO - Number of H atoms: 1
2024-11-28 14:36:09,378 - INFO - Position array shape: (101, 1, 3)
2024-11-28 14:36:09,378 - INFO - Number of analysis windows: 1
2024-11-28 14:36:11,280 - INFO - Results for 900K:
2024-11-28 14:36:11,281 - INFO - MSD: 17.9712 Å²/ps
2024-11-28 14:36:11,281 - INFO - Diffusion coefficient: 3.00e-04 ± 0.00e+00 cm²/s
2024-11-28 14:36:11,281 - INFO - Conductivity: 1.05e+00 S/cm
2024-11-28 14:36:11,310 - INFO - Analyzing trajectory at 1000K
2024-11-28 14:36:11,310 - INFO - Number of H atoms: 1
2024-11-28 14:36:11,310 - INFO - Position array shape: (101, 1, 3)
2024-11-28 14:36:11,310 - INFO - Number of analysis windows: 1
2024-11-28 14:36:13,173 - INFO - Results for 1000K:
2024-11-28 14:36:13,173 - INFO - MSD: 50.1378 Å²/ps
2024-11-28 14:36:13,173 - INFO - Diffusion coefficient: 8.36e-04 ± 0.00e+00 cm²/s
2024-11-28 14:36:13,173 - INFO - Conductivity: 2.64e+00 S/cm
2024-11-28 14:36:13,183 - INFO - Results saved to logs/md_trajectories/Ba8Zr8O24_H1/md_analysis_results.csv
2024-11-28 14:36:15,125 - INFO - Activation Energy: 0.07 eV
