2024-11-26 19:03:17,422 - INFO - Analysis initialized for Ba8Zr8O24_H8
2024-11-26 19:03:17,422 - INFO - Working directory: /Users/brian/Documents/matgl/logs/md_analysis
2024-11-26 19:03:17,422 - INFO - Structures directory: /Users/brian/Documents/matgl/data/structures
2024-11-26 19:03:17,522 - INFO - Loaded trajectory with 21 frames
2024-11-26 19:03:17,522 - INFO - Adjusted window size: 20
2024-11-26 19:03:17,522 - INFO - Adjusted shift time: 10
2024-11-26 19:03:17,524 - INFO - Analyzing trajectory at 500K
2024-11-26 19:03:17,524 - INFO - Number of H atoms: 1
2024-11-26 19:03:17,524 - INFO - Position array shape: (21, 1, 3)
2024-11-26 19:03:17,524 - INFO - Number of analysis windows: 1
2024-11-26 19:03:19,673 - INFO - Results for 500K:
2024-11-26 19:03:19,673 - INFO - MSD: 82873775.6540 Å²/ps
2024-11-26 19:03:19,673 - INFO - Diffusion coefficient: 1.38e+03 ± 0.00e+00 cm²/s
2024-11-26 19:03:19,673 - INFO - Conductivity: 8.72e+06 S/cm
2024-11-26 19:03:19,697 - INFO - Loaded trajectory with 21 frames
2024-11-26 19:03:19,697 - INFO - Adjusted window size: 20
2024-11-26 19:03:19,697 - INFO - Adjusted shift time: 10
2024-11-26 19:03:19,698 - INFO - Analyzing trajectory at 700K
2024-11-26 19:03:19,698 - INFO - Number of H atoms: 1
2024-11-26 19:03:19,700 - INFO - Position array shape: (21, 1, 3)
2024-11-26 19:03:19,700 - INFO - Number of analysis windows: 1
2024-11-26 19:03:21,587 - INFO - Results for 700K:
2024-11-26 19:03:21,587 - INFO - MSD: 339993447.7787 Å²/ps
2024-11-26 19:03:21,587 - INFO - Diffusion coefficient: 5.67e+03 ± 0.00e+00 cm²/s
2024-11-26 19:03:21,587 - INFO - Conductivity: 2.55e+07 S/cm
2024-11-26 19:03:21,614 - INFO - Loaded trajectory with 21 frames
2024-11-26 19:03:21,614 - INFO - Adjusted window size: 20
2024-11-26 19:03:21,614 - INFO - Adjusted shift time: 10
2024-11-26 19:03:21,615 - INFO - Analyzing trajectory at 1000K
2024-11-26 19:03:21,615 - INFO - Number of H atoms: 1
2024-11-26 19:03:21,615 - INFO - Position array shape: (21, 1, 3)
2024-11-26 19:03:21,615 - INFO - Number of analysis windows: 1
2024-11-26 19:03:23,472 - INFO - Results for 1000K:
2024-11-26 19:03:23,473 - INFO - MSD: 162768214.2351 Å²/ps
2024-11-26 19:03:23,473 - INFO - Diffusion coefficient: 2.71e+03 ± 0.00e+00 cm²/s
2024-11-26 19:03:23,473 - INFO - Conductivity: 8.56e+06 S/cm
2024-11-26 19:03:23,486 - INFO - Loaded trajectory with 21 frames
2024-11-26 19:03:23,486 - INFO - Adjusted window size: 20
2024-11-26 19:03:23,486 - INFO - Adjusted shift time: 10
2024-11-26 19:03:23,488 - INFO - Analyzing trajectory at 1200K
2024-11-26 19:03:23,488 - INFO - Number of H atoms: 1
2024-11-26 19:03:23,488 - INFO - Position array shape: (21, 1, 3)
2024-11-26 19:03:23,488 - INFO - Number of analysis windows: 1
2024-11-26 19:03:25,474 - INFO - Results for 1200K:
2024-11-26 19:03:25,475 - INFO - MSD: 10520946.2769 Å²/ps
2024-11-26 19:03:25,475 - INFO - Diffusion coefficient: 1.75e+02 ± 0.00e+00 cm²/s
2024-11-26 19:03:25,475 - INFO - Conductivity: 4.61e+05 S/cm
2024-11-26 19:03:25,487 - INFO - Results saved to logs/md_trajectories/Ba8Zr8O24_H1/md_analysis_results.csv
2024-11-26 19:03:27,676 - INFO - Activation Energy: -622852072370764672.00 eV
