2024-11-28 13:28:46,157 - INFO - Analyzing trajectory at 400K
2024-11-28 13:28:46,157 - INFO - Number of H atoms: 1
2024-11-28 13:28:46,157 - INFO - Position array shape: (111, 1, 3)
2024-11-28 13:28:46,158 - INFO - Number of analysis windows: 1
2024-11-28 13:28:48,216 - INFO - Results for 400K:
2024-11-28 13:28:48,216 - INFO - MSD: 64.4054 Å²/ps
2024-11-28 13:28:48,217 - INFO - Diffusion coefficient: 1.07e-03 ± 0.00e+00 cm²/s
2024-11-28 13:28:48,217 - INFO - Conductivity: 8.47e+00 S/cm
2024-11-28 13:28:48,260 - INFO - Analyzing trajectory at 700K
2024-11-28 13:28:48,260 - INFO - Number of H atoms: 1
2024-11-28 13:28:48,261 - INFO - Position array shape: (201, 1, 3)
2024-11-28 13:28:48,261 - INFO - Number of analysis windows: 3
2024-11-28 13:28:50,267 - INFO - Results for 700K:
2024-11-28 13:28:50,267 - INFO - MSD: 674.9487 Å²/ps
2024-11-28 13:28:50,267 - INFO - Diffusion coefficient: 1.12e-02 ± 1.39e-03 cm²/s
2024-11-28 13:28:50,267 - INFO - Conductivity: 5.07e+01 S/cm
2024-11-28 13:28:50,371 - INFO - Analyzing trajectory at 800K
2024-11-28 13:28:50,371 - INFO - Number of H atoms: 1
2024-11-28 13:28:50,372 - INFO - Position array shape: (401, 1, 3)
2024-11-28 13:28:50,372 - INFO - Number of analysis windows: 7
2024-11-28 13:28:52,380 - INFO - Results for 800K:
2024-11-28 13:28:52,380 - INFO - MSD: 376.0407 Å²/ps
2024-11-28 13:28:52,380 - INFO - Diffusion coefficient: 6.27e-03 ± 8.84e-03 cm²/s
2024-11-28 13:28:52,380 - INFO - Conductivity: 2.47e+01 S/cm
2024-11-28 13:28:52,460 - INFO - Analyzing trajectory at 1000K
2024-11-28 13:28:52,460 - INFO - Number of H atoms: 1
2024-11-28 13:28:52,461 - INFO - Position array shape: (401, 1, 3)
2024-11-28 13:28:52,461 - INFO - Number of analysis windows: 7
2024-11-28 13:28:54,385 - INFO - Results for 1000K:
2024-11-28 13:28:54,386 - INFO - MSD: 760.0312 Å²/ps
2024-11-28 13:28:54,386 - INFO - Diffusion coefficient: 1.27e-02 ± 7.76e-03 cm²/s
2024-11-28 13:28:54,386 - INFO - Conductivity: 4.00e+01 S/cm
2024-11-28 13:28:54,469 - INFO - Analyzing trajectory at 1200K
2024-11-28 13:28:54,469 - INFO - Number of H atoms: 1
2024-11-28 13:28:54,470 - INFO - Position array shape: (401, 1, 3)
2024-11-28 13:28:54,470 - INFO - Number of analysis windows: 7
2024-11-28 13:28:56,394 - INFO - Results for 1200K:
2024-11-28 13:28:56,394 - INFO - MSD: 364.4264 Å²/ps
2024-11-28 13:28:56,394 - INFO - Diffusion coefficient: 6.07e-03 ± 4.43e-03 cm²/s
2024-11-28 13:28:56,394 - INFO - Conductivity: 1.60e+01 S/cm
2024-11-28 13:28:56,562 - INFO - Analyzing trajectory at 1300K
2024-11-28 13:28:56,563 - INFO - Number of H atoms: 1
2024-11-28 13:28:56,563 - INFO - Position array shape: (201, 1, 3)
2024-11-28 13:28:56,563 - INFO - Number of analysis windows: 3
2024-11-28 13:28:58,536 - INFO - Results for 1300K:
2024-11-28 13:28:58,536 - INFO - MSD: 542.7928 Å²/ps
2024-11-28 13:28:58,536 - INFO - Diffusion coefficient: 9.05e-03 ± 2.76e-03 cm²/s
2024-11-28 13:28:58,536 - INFO - Conductivity: 2.20e+01 S/cm
2024-11-28 13:28:58,549 - INFO - Results saved to logs/md_trajectories/Ba8Zr8O24_H1/md_analysis_results.csv
2024-11-28 13:29:00,740 - INFO - Activation Energy: 0.10 eV
