2024-11-26 18:09:47,730 - INFO - Analysis initialized for Ba8Zr8O24_H8
2024-11-26 18:09:47,730 - INFO - Working directory: /Users/brian/Documents/matgl/logs/md_analysis
2024-11-26 18:09:47,730 - INFO - Structures directory: /Users/brian/Documents/matgl/data/structures
2024-11-26 18:09:47,814 - INFO - Loaded trajectory with 11 frames
2024-11-26 18:09:47,814 - INFO - Adjusted window size: 10
2024-11-26 18:09:47,814 - INFO - Adjusted shift time: 5
2024-11-26 18:09:47,815 - INFO - Analyzing trajectory at 500K
2024-11-26 18:09:47,815 - INFO - Number of H atoms: 8
2024-11-26 18:09:47,815 - INFO - Position array shape: (11, 8, 3)
2024-11-26 18:09:47,815 - INFO - Number of analysis windows: 1
2024-11-26 18:09:49,866 - INFO - Results for 500K:
2024-11-26 18:09:49,866 - INFO - MSD: 7571478257719424000.0000 Å²/ps
2024-11-26 18:09:49,866 - INFO - Diffusion coefficient: 1.26e+02 ± 0.00e+00 cm²/s
2024-11-26 18:09:49,866 - INFO - Conductivity: 6.37e+06 S/cm
2024-11-26 18:09:49,875 - INFO - Loaded trajectory with 11 frames
2024-11-26 18:09:49,875 - INFO - Adjusted window size: 10
2024-11-26 18:09:49,875 - INFO - Adjusted shift time: 5
2024-11-26 18:09:49,875 - INFO - Analyzing trajectory at 700K
2024-11-26 18:09:49,875 - INFO - Number of H atoms: 8
2024-11-26 18:09:49,875 - INFO - Position array shape: (11, 8, 3)
2024-11-26 18:09:49,875 - INFO - Number of analysis windows: 1
2024-11-26 18:09:51,818 - INFO - Results for 700K:
2024-11-26 18:09:51,818 - INFO - MSD: 6620881604554595328.0000 Å²/ps
2024-11-26 18:09:51,818 - INFO - Diffusion coefficient: 1.10e+02 ± 0.00e+00 cm²/s
2024-11-26 18:09:51,818 - INFO - Conductivity: 3.98e+06 S/cm
2024-11-26 18:09:51,828 - INFO - Loaded trajectory with 11 frames
2024-11-26 18:09:51,828 - INFO - Adjusted window size: 10
2024-11-26 18:09:51,828 - INFO - Adjusted shift time: 5
2024-11-26 18:09:51,829 - INFO - Analyzing trajectory at 1000K
2024-11-26 18:09:51,829 - INFO - Number of H atoms: 8
2024-11-26 18:09:51,829 - INFO - Position array shape: (11, 8, 3)
2024-11-26 18:09:51,829 - INFO - Number of analysis windows: 1
2024-11-26 18:09:53,842 - INFO - Results for 1000K:
2024-11-26 18:09:53,843 - INFO - MSD: 5784469280740429824.0000 Å²/ps
2024-11-26 18:09:53,843 - INFO - Diffusion coefficient: 9.64e+01 ± 0.00e+00 cm²/s
2024-11-26 18:09:53,843 - INFO - Conductivity: 2.43e+06 S/cm
2024-11-26 18:09:53,857 - INFO - Results saved to logs/md_trajectories/Ba8Zr8O24_H8/md_analysis_results.csv
2024-11-26 18:09:56,005 - INFO - Activation Energy: -143806175162242336.00 eV
