2024-11-28 18:41:01,072 - INFO - Analyzing trajectory at 500K
2024-11-28 18:41:01,072 - INFO - Number of H atoms: 1
2024-11-28 18:41:01,073 - INFO - Position array shape: (201, 1, 3)
2024-11-28 18:41:01,073 - INFO - Number of analysis windows: 3
2024-11-28 18:41:03,048 - INFO - Results for 500K:
2024-11-28 18:41:03,048 - INFO - MSD: 23.0298 Å²/ps
2024-11-28 18:41:03,048 - INFO - Diffusion coefficient: 3.84e-04 ± 5.41e-04 cm²/s
2024-11-28 18:41:03,048 - INFO - Conductivity: 2.42e+00 S/cm
2024-11-28 18:41:03,095 - INFO - Analyzing trajectory at 600K
2024-11-28 18:41:03,095 - INFO - Number of H atoms: 1
2024-11-28 18:41:03,095 - INFO - Position array shape: (201, 1, 3)
2024-11-28 18:41:03,095 - INFO - Number of analysis windows: 3
2024-11-28 18:41:04,983 - INFO - Results for 600K:
2024-11-28 18:41:04,984 - INFO - MSD: 0.9499 Å²/ps
2024-11-28 18:41:04,984 - INFO - Diffusion coefficient: 1.58e-05 ± 1.38e-04 cm²/s
2024-11-28 18:41:04,984 - INFO - Conductivity: 8.32e-02 S/cm
2024-11-28 18:41:05,028 - INFO - Analyzing trajectory at 700K
2024-11-28 18:41:05,028 - INFO - Number of H atoms: 1
2024-11-28 18:41:05,028 - INFO - Position array shape: (201, 1, 3)
2024-11-28 18:41:05,028 - INFO - Number of analysis windows: 3
2024-11-28 18:41:06,896 - INFO - Results for 700K:
2024-11-28 18:41:06,896 - INFO - MSD: 42.6301 Å²/ps
2024-11-28 18:41:06,896 - INFO - Diffusion coefficient: 7.11e-04 ± 8.10e-04 cm²/s
2024-11-28 18:41:06,896 - INFO - Conductivity: 3.20e+00 S/cm
2024-11-28 18:41:06,940 - INFO - Analyzing trajectory at 800K
2024-11-28 18:41:06,940 - INFO - Number of H atoms: 1
2024-11-28 18:41:06,940 - INFO - Position array shape: (201, 1, 3)
2024-11-28 18:41:06,940 - INFO - Number of analysis windows: 3
2024-11-28 18:41:08,824 - INFO - Results for 800K:
2024-11-28 18:41:08,824 - INFO - MSD: 56.5089 Å²/ps
2024-11-28 18:41:08,824 - INFO - Diffusion coefficient: 9.42e-04 ± 2.46e-04 cm²/s
2024-11-28 18:41:08,825 - INFO - Conductivity: 3.71e+00 S/cm
2024-11-28 18:41:08,877 - INFO - Analyzing trajectory at 900K
2024-11-28 18:41:08,877 - INFO - Number of H atoms: 1
2024-11-28 18:41:08,877 - INFO - Position array shape: (201, 1, 3)
2024-11-28 18:41:08,877 - INFO - Number of analysis windows: 3
2024-11-28 18:41:10,802 - INFO - Results for 900K:
2024-11-28 18:41:10,802 - INFO - MSD: 49.0267 Å²/ps
2024-11-28 18:41:10,802 - INFO - Diffusion coefficient: 8.17e-04 ± 1.29e-03 cm²/s
2024-11-28 18:41:10,802 - INFO - Conductivity: 2.86e+00 S/cm
2024-11-28 18:41:10,849 - INFO - Analyzing trajectory at 1000K
2024-11-28 18:41:10,850 - INFO - Number of H atoms: 1
2024-11-28 18:41:10,850 - INFO - Position array shape: (201, 1, 3)
2024-11-28 18:41:10,850 - INFO - Number of analysis windows: 3
2024-11-28 18:41:12,736 - INFO - Results for 1000K:
2024-11-28 18:41:12,736 - INFO - MSD: 208.6832 Å²/ps
2024-11-28 18:41:12,736 - INFO - Diffusion coefficient: 3.48e-03 ± 3.12e-03 cm²/s
2024-11-28 18:41:12,736 - INFO - Conductivity: 1.10e+01 S/cm
2024-11-28 18:41:12,747 - INFO - Results saved to logs/md_trajectories/Ba8Zr8O24_H1/md_analysis_results.csv
2024-11-28 18:41:14,786 - INFO - Activation Energy: 0.26 eV
