2024-11-28 14:21:03,133 - INFO - Analyzing trajectory at 500K
2024-11-28 14:21:03,133 - INFO - Number of H atoms: 1
2024-11-28 14:21:03,133 - INFO - Position array shape: (21, 1, 3)
2024-11-28 14:21:03,133 - INFO - Number of analysis windows: 1
2024-11-28 14:21:05,151 - INFO - Results for 500K:
2024-11-28 14:21:05,152 - INFO - MSD: 112.1076 Å²/ps
2024-11-28 14:21:05,152 - INFO - Diffusion coefficient: 1.87e-03 ± 0.00e+00 cm²/s
2024-11-28 14:21:05,152 - INFO - Conductivity: 1.18e+01 S/cm
2024-11-28 14:21:05,167 - INFO - Analyzing trajectory at 600K
2024-11-28 14:21:05,167 - INFO - Number of H atoms: 1
2024-11-28 14:21:05,167 - INFO - Position array shape: (21, 1, 3)
2024-11-28 14:21:05,167 - INFO - Number of analysis windows: 1
2024-11-28 14:21:07,082 - INFO - Results for 600K:
2024-11-28 14:21:07,082 - INFO - MSD: 39.5262 Å²/ps
2024-11-28 14:21:07,082 - INFO - Diffusion coefficient: 6.59e-04 ± 0.00e+00 cm²/s
2024-11-28 14:21:07,082 - INFO - Conductivity: 3.46e+00 S/cm
2024-11-28 14:21:07,096 - INFO - Analyzing trajectory at 700K
2024-11-28 14:21:07,096 - INFO - Number of H atoms: 1
2024-11-28 14:21:07,097 - INFO - Position array shape: (21, 1, 3)
2024-11-28 14:21:07,097 - INFO - Number of analysis windows: 1
2024-11-28 14:21:08,981 - INFO - Results for 700K:
2024-11-28 14:21:08,981 - INFO - MSD: 13.3308 Å²/ps
2024-11-28 14:21:08,981 - INFO - Diffusion coefficient: 2.22e-04 ± 0.00e+00 cm²/s
2024-11-28 14:21:08,981 - INFO - Conductivity: 1.00e+00 S/cm
2024-11-28 14:21:08,994 - INFO - Analyzing trajectory at 800K
2024-11-28 14:21:08,994 - INFO - Number of H atoms: 1
2024-11-28 14:21:08,994 - INFO - Position array shape: (21, 1, 3)
2024-11-28 14:21:08,994 - INFO - Number of analysis windows: 1
2024-11-28 14:21:10,891 - INFO - Results for 800K:
2024-11-28 14:21:10,891 - INFO - MSD: 14.3765 Å²/ps
2024-11-28 14:21:10,891 - INFO - Diffusion coefficient: 2.40e-04 ± 0.00e+00 cm²/s
2024-11-28 14:21:10,891 - INFO - Conductivity: 9.45e-01 S/cm
2024-11-28 14:21:10,905 - INFO - Analyzing trajectory at 900K
2024-11-28 14:21:10,905 - INFO - Number of H atoms: 1
2024-11-28 14:21:10,905 - INFO - Position array shape: (21, 1, 3)
2024-11-28 14:21:10,905 - INFO - Number of analysis windows: 1
2024-11-28 14:21:12,802 - INFO - Results for 900K:
2024-11-28 14:21:12,802 - INFO - MSD: 179.5330 Å²/ps
2024-11-28 14:21:12,802 - INFO - Diffusion coefficient: 2.99e-03 ± 0.00e+00 cm²/s
2024-11-28 14:21:12,802 - INFO - Conductivity: 1.05e+01 S/cm
2024-11-28 14:21:12,816 - INFO - Analyzing trajectory at 1000K
2024-11-28 14:21:12,816 - INFO - Number of H atoms: 1
2024-11-28 14:21:12,816 - INFO - Position array shape: (21, 1, 3)
2024-11-28 14:21:12,816 - INFO - Number of analysis windows: 1
2024-11-28 14:21:14,771 - INFO - Results for 1000K:
2024-11-28 14:21:14,771 - INFO - MSD: 34.1895 Å²/ps
2024-11-28 14:21:14,772 - INFO - Diffusion coefficient: 5.70e-04 ± 0.00e+00 cm²/s
2024-11-28 14:21:14,772 - INFO - Conductivity: 1.80e+00 S/cm
2024-11-28 14:21:14,782 - INFO - Results saved to logs/md_trajectories/Ba8Zr8O24_H1/md_analysis_results.csv
2024-11-28 14:21:16,832 - INFO - Activation Energy: -0.04 eV
