2024-11-27 14:10:44,597 - INFO - Analysis initialized for Ba8Zr8O24_H8
2024-11-27 14:10:44,597 - INFO - Working directory: /Users/brian/Documents/matgl/logs/md_analysis
2024-11-27 14:10:44,597 - INFO - Structures directory: /Users/brian/Documents/matgl/data/structures
2024-11-27 14:10:44,710 - INFO - Loaded trajectory with 41 frames
2024-11-27 14:10:44,710 - INFO - Adjusted window size: 40
2024-11-27 14:10:44,710 - INFO - Adjusted shift time: 20
2024-11-27 14:10:44,712 - INFO - Analyzing trajectory at 700K
2024-11-27 14:10:44,712 - INFO - Number of H atoms: 2
2024-11-27 14:10:44,713 - INFO - Position array shape: (41, 2, 3)
2024-11-27 14:10:44,713 - INFO - Number of analysis windows: 1
2024-11-27 14:10:46,793 - INFO - Results for 700K:
2024-11-27 14:10:46,794 - INFO - MSD: 88.3176 Å²/ps
2024-11-27 14:10:46,794 - INFO - Diffusion coefficient: 1.47e-03 ± 0.00e+00 cm²/s
2024-11-27 14:10:46,794 - INFO - Conductivity: 1.33e+01 S/cm
2024-11-27 14:10:46,811 - INFO - Loaded trajectory with 41 frames
2024-11-27 14:10:46,811 - INFO - Adjusted window size: 40
2024-11-27 14:10:46,811 - INFO - Adjusted shift time: 20
2024-11-27 14:10:46,812 - INFO - Analyzing trajectory at 1000K
2024-11-27 14:10:46,812 - INFO - Number of H atoms: 2
2024-11-27 14:10:46,812 - INFO - Position array shape: (41, 2, 3)
2024-11-27 14:10:46,812 - INFO - Number of analysis windows: 1
2024-11-27 14:10:48,846 - INFO - Results for 1000K:
2024-11-27 14:10:48,846 - INFO - MSD: 1115.9331 Å²/ps
2024-11-27 14:10:48,846 - INFO - Diffusion coefficient: 1.86e-02 ± 0.00e+00 cm²/s
2024-11-27 14:10:48,846 - INFO - Conductivity: 1.17e+02 S/cm
2024-11-27 14:10:48,864 - INFO - Loaded trajectory with 41 frames
2024-11-27 14:10:48,865 - INFO - Adjusted window size: 40
2024-11-27 14:10:48,865 - INFO - Adjusted shift time: 20
2024-11-27 14:10:48,866 - INFO - Analyzing trajectory at 1200K
2024-11-27 14:10:48,866 - INFO - Number of H atoms: 2
2024-11-27 14:10:48,866 - INFO - Position array shape: (41, 2, 3)
2024-11-27 14:10:48,866 - INFO - Number of analysis windows: 1
2024-11-27 14:10:50,793 - INFO - Results for 1200K:
2024-11-27 14:10:50,793 - INFO - MSD: 379.8663 Å²/ps
2024-11-27 14:10:50,793 - INFO - Diffusion coefficient: 6.33e-03 ± 0.00e+00 cm²/s
2024-11-27 14:10:50,793 - INFO - Conductivity: 3.33e+01 S/cm
2024-11-27 14:10:50,804 - INFO - Results saved to logs/md_trajectories/Ba8Zr8O24_H2/md_analysis_results.csv
2024-11-27 14:10:52,897 - INFO - Activation Energy: 1688383186354382848.00 eV
