2024-11-29 00:21:50,388 - INFO - Analyzing trajectory at 500K
2024-11-29 00:21:50,388 - INFO - Number of H atoms: 2
2024-11-29 00:21:50,389 - INFO - Position array shape: (201, 2, 3)
2024-11-29 00:21:50,389 - INFO - Number of analysis windows: 3
2024-11-29 00:21:52,382 - INFO - Results for 500K:
2024-11-29 00:21:52,382 - INFO - MSD: 54.3053 Å²/ps
2024-11-29 00:21:52,383 - INFO - Diffusion coefficient: 9.05e-04 ± 3.49e-04 cm²/s
2024-11-29 00:21:52,383 - INFO - Conductivity: 1.14e+01 S/cm
2024-11-29 00:21:52,436 - INFO - Analyzing trajectory at 600K
2024-11-29 00:21:52,436 - INFO - Number of H atoms: 2
2024-11-29 00:21:52,437 - INFO - Position array shape: (201, 2, 3)
2024-11-29 00:21:52,437 - INFO - Number of analysis windows: 3
2024-11-29 00:21:54,349 - INFO - Results for 600K:
2024-11-29 00:21:54,351 - INFO - MSD: 123.4351 Å²/ps
2024-11-29 00:21:54,351 - INFO - Diffusion coefficient: 2.06e-03 ± 6.46e-04 cm²/s
2024-11-29 00:21:54,351 - INFO - Conductivity: 2.16e+01 S/cm
2024-11-29 00:21:54,371 - INFO - Analyzing trajectory at 700K
2024-11-29 00:21:54,371 - INFO - Number of H atoms: 2
2024-11-29 00:21:54,371 - INFO - Position array shape: (41, 2, 3)
2024-11-29 00:21:54,371 - INFO - Number of analysis windows: 1
2024-11-29 00:21:56,333 - INFO - Results for 700K:
2024-11-29 00:21:56,333 - INFO - MSD: 88.3176 Å²/ps
2024-11-29 00:21:56,333 - INFO - Diffusion coefficient: 1.47e-03 ± 0.00e+00 cm²/s
2024-11-29 00:21:56,333 - INFO - Conductivity: 1.33e+01 S/cm
2024-11-29 00:21:56,350 - INFO - Analyzing trajectory at 1000K
2024-11-29 00:21:56,350 - INFO - Number of H atoms: 2
2024-11-29 00:21:56,350 - INFO - Position array shape: (41, 2, 3)
2024-11-29 00:21:56,350 - INFO - Number of analysis windows: 1
2024-11-29 00:21:58,272 - INFO - Results for 1000K:
2024-11-29 00:21:58,273 - INFO - MSD: 1115.9331 Å²/ps
2024-11-29 00:21:58,273 - INFO - Diffusion coefficient: 1.86e-02 ± 0.00e+00 cm²/s
2024-11-29 00:21:58,273 - INFO - Conductivity: 1.17e+02 S/cm
2024-11-29 00:21:58,290 - INFO - Analyzing trajectory at 1200K
2024-11-29 00:21:58,290 - INFO - Number of H atoms: 2
2024-11-29 00:21:58,290 - INFO - Position array shape: (41, 2, 3)
2024-11-29 00:21:58,291 - INFO - Number of analysis windows: 1
2024-11-29 00:22:00,229 - INFO - Results for 1200K:
2024-11-29 00:22:00,229 - INFO - MSD: 379.8663 Å²/ps
2024-11-29 00:22:00,229 - INFO - Diffusion coefficient: 6.33e-03 ± 0.00e+00 cm²/s
2024-11-29 00:22:00,229 - INFO - Conductivity: 3.33e+01 S/cm
2024-11-29 00:22:00,240 - INFO - Results saved to logs/md_trajectories/Ba8Zr8O24_H2/md_analysis_results.csv
2024-11-29 00:22:02,352 - INFO - Activation Energy: 0.19 eV
