2024-11-28 13:30:28,237 - INFO - Analyzing trajectory at 400K
2024-11-28 13:30:28,238 - INFO - Number of H atoms: 1
2024-11-28 13:30:28,238 - INFO - Position array shape: (111, 1, 3)
2024-11-28 13:30:28,238 - INFO - Number of analysis windows: 1
2024-11-28 13:30:30,341 - INFO - Results for 400K:
2024-11-28 13:30:30,341 - INFO - MSD: 64.4054 Å²/ps
2024-11-28 13:30:30,341 - INFO - Diffusion coefficient: 1.07e-03 ± 0.00e+00 cm²/s
2024-11-28 13:30:30,341 - INFO - Conductivity: 8.47e+00 S/cm
2024-11-28 13:30:30,386 - INFO - Analyzing trajectory at 700K
2024-11-28 13:30:30,386 - INFO - Number of H atoms: 1
2024-11-28 13:30:30,386 - INFO - Position array shape: (201, 1, 3)
2024-11-28 13:30:30,387 - INFO - Number of analysis windows: 3
2024-11-28 13:30:32,535 - INFO - Results for 700K:
2024-11-28 13:30:32,535 - INFO - MSD: 674.9487 Å²/ps
2024-11-28 13:30:32,535 - INFO - Diffusion coefficient: 1.12e-02 ± 1.39e-03 cm²/s
2024-11-28 13:30:32,535 - INFO - Conductivity: 5.07e+01 S/cm
2024-11-28 13:30:32,621 - INFO - Analyzing trajectory at 800K
2024-11-28 13:30:32,621 - INFO - Number of H atoms: 1
2024-11-28 13:30:32,622 - INFO - Position array shape: (401, 1, 3)
2024-11-28 13:30:32,622 - INFO - Number of analysis windows: 7
2024-11-28 13:30:34,637 - INFO - Results for 800K:
2024-11-28 13:30:34,638 - INFO - MSD: 376.0407 Å²/ps
2024-11-28 13:30:34,638 - INFO - Diffusion coefficient: 6.27e-03 ± 8.84e-03 cm²/s
2024-11-28 13:30:34,638 - INFO - Conductivity: 2.47e+01 S/cm
2024-11-28 13:30:34,715 - INFO - Analyzing trajectory at 1000K
2024-11-28 13:30:34,715 - INFO - Number of H atoms: 1
2024-11-28 13:30:34,716 - INFO - Position array shape: (401, 1, 3)
2024-11-28 13:30:34,716 - INFO - Number of analysis windows: 7
2024-11-28 13:30:36,745 - INFO - Results for 1000K:
2024-11-28 13:30:36,745 - INFO - MSD: 760.0312 Å²/ps
2024-11-28 13:30:36,745 - INFO - Diffusion coefficient: 1.27e-02 ± 7.76e-03 cm²/s
2024-11-28 13:30:36,745 - INFO - Conductivity: 4.00e+01 S/cm
2024-11-28 13:30:36,829 - INFO - Analyzing trajectory at 1200K
2024-11-28 13:30:36,829 - INFO - Number of H atoms: 1
2024-11-28 13:30:36,830 - INFO - Position array shape: (401, 1, 3)
2024-11-28 13:30:36,830 - INFO - Number of analysis windows: 7
2024-11-28 13:30:38,756 - INFO - Results for 1200K:
2024-11-28 13:30:38,756 - INFO - MSD: 364.4264 Å²/ps
2024-11-28 13:30:38,757 - INFO - Diffusion coefficient: 6.07e-03 ± 4.43e-03 cm²/s
2024-11-28 13:30:38,757 - INFO - Conductivity: 1.60e+01 S/cm
2024-11-28 13:30:38,804 - INFO - Analyzing trajectory at 1300K
2024-11-28 13:30:38,804 - INFO - Number of H atoms: 1
2024-11-28 13:30:38,804 - INFO - Position array shape: (201, 1, 3)
2024-11-28 13:30:38,804 - INFO - Number of analysis windows: 3
2024-11-28 13:30:40,704 - INFO - Results for 1300K:
2024-11-28 13:30:40,704 - INFO - MSD: 542.7928 Å²/ps
2024-11-28 13:30:40,704 - INFO - Diffusion coefficient: 9.05e-03 ± 2.76e-03 cm²/s
2024-11-28 13:30:40,704 - INFO - Conductivity: 2.20e+01 S/cm
2024-11-28 13:30:40,719 - INFO - Results saved to logs/md_trajectories/Ba8Zr8O24_H1/md_analysis_results.csv
2024-11-28 13:30:42,837 - INFO - Activation Energy: 0.10 eV
