2024-11-27 15:23:41,306 - INFO - Analysis initialized for Ba8Zr8O24_H1
2024-11-27 15:23:41,306 - INFO - Working directory: /Users/brian/Documents/matgl/logs/md_analysis
2024-11-27 15:23:41,306 - INFO - Structures directory: /Users/brian/Documents/matgl/data/structures
2024-11-27 15:23:41,415 - INFO - Loaded trajectory with 201 frames
2024-11-27 15:23:41,415 - INFO - Adjusted window size: 200
2024-11-27 15:23:41,415 - INFO - Adjusted shift time: 100
2024-11-27 15:23:41,417 - INFO - Analyzing trajectory at 700K
2024-11-27 15:23:41,417 - INFO - Number of H atoms: 1
2024-11-27 15:23:41,418 - INFO - Position array shape: (201, 1, 3)
2024-11-27 15:23:41,418 - INFO - Number of analysis windows: 1
2024-11-27 15:23:43,460 - INFO - Results for 700K:
2024-11-27 15:23:43,460 - INFO - MSD: 564.4698 Å²/ps
2024-11-27 15:23:43,460 - INFO - Diffusion coefficient: 9.41e-03 ± 0.00e+00 cm²/s
2024-11-27 15:23:43,460 - INFO - Conductivity: 4.24e+01 S/cm
2024-11-27 15:23:43,515 - INFO - Loaded trajectory with 201 frames
2024-11-27 15:23:43,515 - INFO - Adjusted window size: 200
2024-11-27 15:23:43,515 - INFO - Adjusted shift time: 100
2024-11-27 15:23:43,517 - INFO - Analyzing trajectory at 1000K
2024-11-27 15:23:43,517 - INFO - Number of H atoms: 1
2024-11-27 15:23:43,518 - INFO - Position array shape: (201, 1, 3)
2024-11-27 15:23:43,518 - INFO - Number of analysis windows: 1
2024-11-27 15:23:45,413 - INFO - Results for 1000K:
2024-11-27 15:23:45,413 - INFO - MSD: 269.6120 Å²/ps
2024-11-27 15:23:45,413 - INFO - Diffusion coefficient: 4.49e-03 ± 0.00e+00 cm²/s
2024-11-27 15:23:45,413 - INFO - Conductivity: 1.42e+01 S/cm
2024-11-27 15:23:45,461 - INFO - Loaded trajectory with 201 frames
2024-11-27 15:23:45,461 - INFO - Adjusted window size: 200
2024-11-27 15:23:45,461 - INFO - Adjusted shift time: 100
2024-11-27 15:23:45,463 - INFO - Analyzing trajectory at 1300K
2024-11-27 15:23:45,463 - INFO - Number of H atoms: 1
2024-11-27 15:23:45,464 - INFO - Position array shape: (201, 1, 3)
2024-11-27 15:23:45,464 - INFO - Number of analysis windows: 1
2024-11-27 15:23:47,508 - INFO - Results for 1300K:
2024-11-27 15:23:47,508 - INFO - MSD: 458.4040 Å²/ps
2024-11-27 15:23:47,508 - INFO - Diffusion coefficient: 7.64e-03 ± 0.00e+00 cm²/s
2024-11-27 15:23:47,508 - INFO - Conductivity: 1.85e+01 S/cm
2024-11-27 15:23:47,518 - INFO - Results saved to logs/md_trajectories/Ba8Zr8O24_H1/md_analysis_results.csv
2024-11-27 15:23:49,601 - INFO - Activation Energy: -265416472016636608.00 eV
