2024-11-26 21:27:36,617 - INFO - Analysis initialized for Ba8Zr8O24_H8
2024-11-26 21:27:36,617 - INFO - Working directory: /Users/brian/Documents/matgl/logs/md_analysis
2024-11-26 21:27:36,617 - INFO - Structures directory: /Users/brian/Documents/matgl/data/structures
2024-11-26 21:27:36,689 - INFO - Loaded trajectory with 21 frames
2024-11-26 21:27:36,689 - INFO - Adjusted window size: 20
2024-11-26 21:27:36,689 - INFO - Adjusted shift time: 10
2024-11-26 21:27:36,693 - INFO - Analyzing trajectory at 500K
2024-11-26 21:27:36,693 - INFO - Number of H atoms: 1
2024-11-26 21:27:36,693 - INFO - Position array shape: (21, 1, 3)
2024-11-26 21:27:36,693 - INFO - Number of analysis windows: 1
2024-11-26 21:27:38,704 - INFO - Results for 500K:
2024-11-26 21:27:38,704 - INFO - MSD: 82873775.6540 Å²/ps
2024-11-26 21:27:38,704 - INFO - Diffusion coefficient: 1.38e+03 ± 0.00e+00 cm²/s
2024-11-26 21:27:38,704 - INFO - Conductivity: 8.72e+06 S/cm
2024-11-26 21:27:38,727 - INFO - Loaded trajectory with 21 frames
2024-11-26 21:27:38,727 - INFO - Adjusted window size: 20
2024-11-26 21:27:38,727 - INFO - Adjusted shift time: 10
2024-11-26 21:27:38,728 - INFO - Analyzing trajectory at 700K
2024-11-26 21:27:38,728 - INFO - Number of H atoms: 1
2024-11-26 21:27:38,728 - INFO - Position array shape: (21, 1, 3)
2024-11-26 21:27:38,728 - INFO - Number of analysis windows: 1
2024-11-26 21:27:40,565 - INFO - Results for 700K:
2024-11-26 21:27:40,565 - INFO - MSD: 339993447.7787 Å²/ps
2024-11-26 21:27:40,565 - INFO - Diffusion coefficient: 5.67e+03 ± 0.00e+00 cm²/s
2024-11-26 21:27:40,565 - INFO - Conductivity: 2.55e+07 S/cm
2024-11-26 21:27:40,580 - INFO - Loaded trajectory with 21 frames
2024-11-26 21:27:40,580 - INFO - Adjusted window size: 20
2024-11-26 21:27:40,581 - INFO - Adjusted shift time: 10
2024-11-26 21:27:40,581 - INFO - Analyzing trajectory at 1000K
2024-11-26 21:27:40,581 - INFO - Number of H atoms: 1
2024-11-26 21:27:40,581 - INFO - Position array shape: (21, 1, 3)
2024-11-26 21:27:40,581 - INFO - Number of analysis windows: 1
2024-11-26 21:27:42,513 - INFO - Results for 1000K:
2024-11-26 21:27:42,513 - INFO - MSD: 162768214.2351 Å²/ps
2024-11-26 21:27:42,513 - INFO - Diffusion coefficient: 2.71e+03 ± 0.00e+00 cm²/s
2024-11-26 21:27:42,513 - INFO - Conductivity: 8.56e+06 S/cm
2024-11-26 21:27:42,528 - INFO - Loaded trajectory with 21 frames
2024-11-26 21:27:42,528 - INFO - Adjusted window size: 20
2024-11-26 21:27:42,528 - INFO - Adjusted shift time: 10
2024-11-26 21:27:42,528 - INFO - Analyzing trajectory at 1200K
2024-11-26 21:27:42,528 - INFO - Number of H atoms: 1
2024-11-26 21:27:42,528 - INFO - Position array shape: (21, 1, 3)
2024-11-26 21:27:42,528 - INFO - Number of analysis windows: 1
2024-11-26 21:27:44,605 - INFO - Results for 1200K:
2024-11-26 21:27:44,605 - INFO - MSD: 10520946.2769 Å²/ps
2024-11-26 21:27:44,605 - INFO - Diffusion coefficient: 1.75e+02 ± 0.00e+00 cm²/s
2024-11-26 21:27:44,605 - INFO - Conductivity: 4.61e+05 S/cm
2024-11-26 21:27:44,619 - INFO - Results saved to logs/md_trajectories/Ba8Zr8O24_H1/md_analysis_results.csv
2024-11-26 21:27:46,745 - INFO - Activation Energy: -622852072370764672.00 eV
