2024-11-28 14:20:36,145 - INFO - Analyzing trajectory at 500K
2024-11-28 14:20:36,145 - INFO - Number of H atoms: 1
2024-11-28 14:20:36,145 - INFO - Position array shape: (21, 1, 3)
2024-11-28 14:20:36,145 - INFO - Number of analysis windows: 1
2024-11-28 14:20:38,146 - INFO - Results for 500K:
2024-11-28 14:20:38,148 - INFO - MSD: 112.1076 Å²/ps
2024-11-28 14:20:38,148 - INFO - Diffusion coefficient: 1.87e-03 ± 0.00e+00 cm²/s
2024-11-28 14:20:38,148 - INFO - Conductivity: 1.18e+01 S/cm
2024-11-28 14:20:38,161 - INFO - Analyzing trajectory at 600K
2024-11-28 14:20:38,161 - INFO - Number of H atoms: 1
2024-11-28 14:20:38,161 - INFO - Position array shape: (21, 1, 3)
2024-11-28 14:20:38,161 - INFO - Number of analysis windows: 1
2024-11-28 14:20:40,080 - INFO - Results for 600K:
2024-11-28 14:20:40,081 - INFO - MSD: 39.5262 Å²/ps
2024-11-28 14:20:40,081 - INFO - Diffusion coefficient: 6.59e-04 ± 0.00e+00 cm²/s
2024-11-28 14:20:40,081 - INFO - Conductivity: 3.46e+00 S/cm
2024-11-28 14:20:40,094 - INFO - Analyzing trajectory at 700K
2024-11-28 14:20:40,094 - INFO - Number of H atoms: 1
2024-11-28 14:20:40,094 - INFO - Position array shape: (21, 1, 3)
2024-11-28 14:20:40,094 - INFO - Number of analysis windows: 1
2024-11-28 14:20:41,974 - INFO - Results for 700K:
2024-11-28 14:20:41,974 - INFO - MSD: 13.3308 Å²/ps
2024-11-28 14:20:41,974 - INFO - Diffusion coefficient: 2.22e-04 ± 0.00e+00 cm²/s
2024-11-28 14:20:41,974 - INFO - Conductivity: 1.00e+00 S/cm
2024-11-28 14:20:41,987 - INFO - Analyzing trajectory at 800K
2024-11-28 14:20:41,987 - INFO - Number of H atoms: 1
2024-11-28 14:20:41,987 - INFO - Position array shape: (21, 1, 3)
2024-11-28 14:20:41,987 - INFO - Number of analysis windows: 1
2024-11-28 14:20:43,857 - INFO - Results for 800K:
2024-11-28 14:20:43,858 - INFO - MSD: 14.3765 Å²/ps
2024-11-28 14:20:43,858 - INFO - Diffusion coefficient: 2.40e-04 ± 0.00e+00 cm²/s
2024-11-28 14:20:43,858 - INFO - Conductivity: 9.45e-01 S/cm
2024-11-28 14:20:43,870 - INFO - Analyzing trajectory at 900K
2024-11-28 14:20:43,870 - INFO - Number of H atoms: 1
2024-11-28 14:20:43,871 - INFO - Position array shape: (21, 1, 3)
2024-11-28 14:20:43,871 - INFO - Number of analysis windows: 1
2024-11-28 14:20:45,763 - INFO - Results for 900K:
2024-11-28 14:20:45,763 - INFO - MSD: 179.5330 Å²/ps
2024-11-28 14:20:45,763 - INFO - Diffusion coefficient: 2.99e-03 ± 0.00e+00 cm²/s
2024-11-28 14:20:45,763 - INFO - Conductivity: 1.05e+01 S/cm
2024-11-28 14:20:45,774 - INFO - Results saved to logs/md_trajectories/Ba8Zr8O24_H1/md_analysis_results.csv
2024-11-28 14:20:47,741 - INFO - Activation Energy: -0.05 eV
