2024-11-26 18:26:39,114 - INFO - Analysis initialized for Ba8Zr8O24_H8
2024-11-26 18:26:39,114 - INFO - Working directory: /Users/brian/Documents/matgl/logs/md_analysis
2024-11-26 18:26:39,114 - INFO - Structures directory: /Users/brian/Documents/matgl/data/structures
2024-11-26 18:26:39,189 - INFO - Loaded trajectory with 11 frames
2024-11-26 18:26:39,190 - INFO - Adjusted window size: 10
2024-11-26 18:26:39,190 - INFO - Adjusted shift time: 5
2024-11-26 18:26:39,191 - INFO - Analyzing trajectory at 500K
2024-11-26 18:26:39,191 - INFO - Number of H atoms: 8
2024-11-26 18:26:39,191 - INFO - Position array shape: (11, 8, 3)
2024-11-26 18:26:39,191 - INFO - Number of analysis windows: 1
2024-11-26 18:26:41,287 - INFO - Results for 500K:
2024-11-26 18:26:41,287 - INFO - MSD: 7571478257719424000.0000 Å²/ps
2024-11-26 18:26:41,287 - INFO - Diffusion coefficient: 1.26e+02 ± 0.00e+00 cm²/s
2024-11-26 18:26:41,287 - INFO - Conductivity: 6.37e+06 S/cm
2024-11-26 18:26:41,297 - INFO - Loaded trajectory with 11 frames
2024-11-26 18:26:41,297 - INFO - Adjusted window size: 10
2024-11-26 18:26:41,297 - INFO - Adjusted shift time: 5
2024-11-26 18:26:41,298 - INFO - Analyzing trajectory at 700K
2024-11-26 18:26:41,298 - INFO - Number of H atoms: 8
2024-11-26 18:26:41,298 - INFO - Position array shape: (11, 8, 3)
2024-11-26 18:26:41,298 - INFO - Number of analysis windows: 1
2024-11-26 18:26:43,301 - INFO - Results for 700K:
2024-11-26 18:26:43,301 - INFO - MSD: 6620881604554595328.0000 Å²/ps
2024-11-26 18:26:43,301 - INFO - Diffusion coefficient: 1.10e+02 ± 0.00e+00 cm²/s
2024-11-26 18:26:43,301 - INFO - Conductivity: 3.98e+06 S/cm
2024-11-26 18:26:43,311 - INFO - Loaded trajectory with 11 frames
2024-11-26 18:26:43,311 - INFO - Adjusted window size: 10
2024-11-26 18:26:43,311 - INFO - Adjusted shift time: 5
2024-11-26 18:26:43,311 - INFO - Analyzing trajectory at 1000K
2024-11-26 18:26:43,311 - INFO - Number of H atoms: 8
2024-11-26 18:26:43,311 - INFO - Position array shape: (11, 8, 3)
2024-11-26 18:26:43,311 - INFO - Number of analysis windows: 1
2024-11-26 18:26:45,286 - INFO - Results for 1000K:
2024-11-26 18:26:45,286 - INFO - MSD: 5784469280740429824.0000 Å²/ps
2024-11-26 18:26:45,286 - INFO - Diffusion coefficient: 9.64e+01 ± 0.00e+00 cm²/s
2024-11-26 18:26:45,286 - INFO - Conductivity: 2.43e+06 S/cm
2024-11-26 18:26:45,300 - INFO - Results saved to logs/md_trajectories/Ba8Zr8O24_H8/md_analysis_results.csv
2024-11-26 18:26:47,478 - INFO - Activation Energy: -143806175162242336.00 eV
