2024-11-28 15:06:37,927 - INFO - Analyzing trajectory at 500K
2024-11-28 15:06:37,927 - INFO - Number of H atoms: 1
2024-11-28 15:06:37,928 - INFO - Position array shape: (201, 1, 3)
2024-11-28 15:06:37,928 - INFO - Number of analysis windows: 3
2024-11-28 15:06:39,932 - INFO - Results for 500K:
2024-11-28 15:06:39,932 - INFO - MSD: 49.6378 Å²/ps
2024-11-28 15:06:39,932 - INFO - Diffusion coefficient: 8.27e-04 ± 7.82e-04 cm²/s
2024-11-28 15:06:39,932 - INFO - Conductivity: 5.22e+00 S/cm
2024-11-28 15:06:39,982 - INFO - Analyzing trajectory at 600K
2024-11-28 15:06:39,982 - INFO - Number of H atoms: 1
2024-11-28 15:06:39,983 - INFO - Position array shape: (201, 1, 3)
2024-11-28 15:06:39,983 - INFO - Number of analysis windows: 3
2024-11-28 15:06:41,839 - INFO - Results for 600K:
2024-11-28 15:06:41,839 - INFO - MSD: 12.6162 Å²/ps
2024-11-28 15:06:41,839 - INFO - Diffusion coefficient: 2.10e-04 ± 1.61e-04 cm²/s
2024-11-28 15:06:41,839 - INFO - Conductivity: 1.11e+00 S/cm
2024-11-28 15:06:41,889 - INFO - Analyzing trajectory at 700K
2024-11-28 15:06:41,889 - INFO - Number of H atoms: 1
2024-11-28 15:06:41,889 - INFO - Position array shape: (201, 1, 3)
2024-11-28 15:06:41,889 - INFO - Number of analysis windows: 3
2024-11-28 15:06:43,757 - INFO - Results for 700K:
2024-11-28 15:06:43,757 - INFO - MSD: 34.1957 Å²/ps
2024-11-28 15:06:43,757 - INFO - Diffusion coefficient: 5.70e-04 ± 9.16e-04 cm²/s
2024-11-28 15:06:43,757 - INFO - Conductivity: 2.57e+00 S/cm
2024-11-28 15:06:43,801 - INFO - Analyzing trajectory at 800K
2024-11-28 15:06:43,801 - INFO - Number of H atoms: 1
2024-11-28 15:06:43,802 - INFO - Position array shape: (201, 1, 3)
2024-11-28 15:06:43,802 - INFO - Number of analysis windows: 3
2024-11-28 15:06:45,657 - INFO - Results for 800K:
2024-11-28 15:06:45,658 - INFO - MSD: 27.4295 Å²/ps
2024-11-28 15:06:45,658 - INFO - Diffusion coefficient: 4.57e-04 ± 5.84e-04 cm²/s
2024-11-28 15:06:45,658 - INFO - Conductivity: 1.80e+00 S/cm
2024-11-28 15:06:45,701 - INFO - Analyzing trajectory at 900K
2024-11-28 15:06:45,701 - INFO - Number of H atoms: 1
2024-11-28 15:06:45,701 - INFO - Position array shape: (201, 1, 3)
2024-11-28 15:06:45,701 - INFO - Number of analysis windows: 3
2024-11-28 15:06:47,556 - INFO - Results for 900K:
2024-11-28 15:06:47,556 - INFO - MSD: 156.5923 Å²/ps
2024-11-28 15:06:47,557 - INFO - Diffusion coefficient: 2.61e-03 ± 1.31e-03 cm²/s
2024-11-28 15:06:47,557 - INFO - Conductivity: 9.15e+00 S/cm
2024-11-28 15:06:47,601 - INFO - Analyzing trajectory at 1000K
2024-11-28 15:06:47,602 - INFO - Number of H atoms: 1
2024-11-28 15:06:47,602 - INFO - Position array shape: (201, 1, 3)
2024-11-28 15:06:47,602 - INFO - Number of analysis windows: 3
2024-11-28 15:06:49,849 - INFO - Results for 1000K:
2024-11-28 15:06:49,849 - INFO - MSD: 3.5041 Å²/ps
2024-11-28 15:06:49,849 - INFO - Diffusion coefficient: 5.84e-05 ± 2.18e-04 cm²/s
2024-11-28 15:06:49,849 - INFO - Conductivity: 1.84e-01 S/cm
2024-11-28 15:06:49,874 - INFO - Results saved to logs/md_trajectories/Ba8Zr8O24_H1/md_analysis_results.csv
2024-11-28 15:06:51,935 - INFO - Activation Energy: -0.06 eV
