2024-11-26 18:28:17,023 - INFO - Analysis initialized for Ba8Zr8O24_H8
2024-11-26 18:28:17,023 - INFO - Working directory: /Users/brian/Documents/matgl/logs/md_analysis
2024-11-26 18:28:17,023 - INFO - Structures directory: /Users/brian/Documents/matgl/data/structures
2024-11-26 18:28:17,153 - INFO - Loaded trajectory with 11 frames
2024-11-26 18:28:17,153 - INFO - Adjusted window size: 10
2024-11-26 18:28:17,153 - INFO - Adjusted shift time: 5
2024-11-26 18:28:17,156 - INFO - Analyzing trajectory at 500K
2024-11-26 18:28:17,156 - INFO - Number of H atoms: 8
2024-11-26 18:28:17,157 - INFO - Position array shape: (11, 8, 3)
2024-11-26 18:28:17,157 - INFO - Number of analysis windows: 1
2024-11-26 18:28:19,220 - INFO - Results for 500K:
2024-11-26 18:28:19,220 - INFO - MSD: 7571478.2577 Å²/ps
2024-11-26 18:28:19,220 - INFO - Diffusion coefficient: 1.26e+02 ± 0.00e+00 cm²/s
2024-11-26 18:28:19,220 - INFO - Conductivity: 6.37e+06 S/cm
2024-11-26 18:28:19,230 - INFO - Loaded trajectory with 11 frames
2024-11-26 18:28:19,230 - INFO - Adjusted window size: 10
2024-11-26 18:28:19,230 - INFO - Adjusted shift time: 5
2024-11-26 18:28:19,230 - INFO - Analyzing trajectory at 700K
2024-11-26 18:28:19,230 - INFO - Number of H atoms: 8
2024-11-26 18:28:19,230 - INFO - Position array shape: (11, 8, 3)
2024-11-26 18:28:19,230 - INFO - Number of analysis windows: 1
2024-11-26 18:28:21,220 - INFO - Results for 700K:
2024-11-26 18:28:21,220 - INFO - MSD: 6620881.6046 Å²/ps
2024-11-26 18:28:21,220 - INFO - Diffusion coefficient: 1.10e+02 ± 0.00e+00 cm²/s
2024-11-26 18:28:21,220 - INFO - Conductivity: 3.98e+06 S/cm
2024-11-26 18:28:21,230 - INFO - Loaded trajectory with 11 frames
2024-11-26 18:28:21,230 - INFO - Adjusted window size: 10
2024-11-26 18:28:21,230 - INFO - Adjusted shift time: 5
2024-11-26 18:28:21,230 - INFO - Analyzing trajectory at 1000K
2024-11-26 18:28:21,230 - INFO - Number of H atoms: 8
2024-11-26 18:28:21,231 - INFO - Position array shape: (11, 8, 3)
2024-11-26 18:28:21,231 - INFO - Number of analysis windows: 1
2024-11-26 18:28:23,251 - INFO - Results for 1000K:
2024-11-26 18:28:23,251 - INFO - MSD: 5784469.2807 Å²/ps
2024-11-26 18:28:23,251 - INFO - Diffusion coefficient: 9.64e+01 ± 0.00e+00 cm²/s
2024-11-26 18:28:23,252 - INFO - Conductivity: 2.43e+06 S/cm
2024-11-26 18:28:23,275 - INFO - Results saved to logs/md_trajectories/Ba8Zr8O24_H8/md_analysis_results.csv
2024-11-26 18:28:25,448 - INFO - Activation Energy: -143806175162242336.00 eV
