2024-11-27 16:45:10,982 - INFO - Analysis initialized for Ba8Zr8O24_H1
2024-11-27 16:45:10,982 - INFO - Working directory: /Users/brian/Documents/matgl/logs/md_analysis
2024-11-27 16:45:10,982 - INFO - Structures directory: /Users/brian/Documents/matgl/data/structures
2024-11-27 16:45:11,077 - INFO - Loaded trajectory with 111 frames
2024-11-27 16:45:11,077 - INFO - Adjusted window size: 110
2024-11-27 16:45:11,077 - INFO - Adjusted shift time: 55
2024-11-27 16:45:11,079 - INFO - Analyzing trajectory at 400K
2024-11-27 16:45:11,079 - INFO - Number of H atoms: 1
2024-11-27 16:45:11,080 - INFO - Position array shape: (111, 1, 3)
2024-11-27 16:45:11,080 - INFO - Number of analysis windows: 1
2024-11-27 16:45:13,119 - INFO - Results for 400K:
2024-11-27 16:45:13,119 - INFO - MSD: 25.8898 Å²/ps
2024-11-27 16:45:13,119 - INFO - Diffusion coefficient: 4.31e-04 ± 0.00e+00 cm²/s
2024-11-27 16:45:13,119 - INFO - Conductivity: 3.40e+00 S/cm
2024-11-27 16:45:13,163 - INFO - Loaded trajectory with 201 frames
2024-11-27 16:45:13,163 - INFO - Adjusted window size: 200
2024-11-27 16:45:13,163 - INFO - Adjusted shift time: 100
2024-11-27 16:45:13,166 - INFO - Analyzing trajectory at 700K
2024-11-27 16:45:13,166 - INFO - Number of H atoms: 1
2024-11-27 16:45:13,166 - INFO - Position array shape: (201, 1, 3)
2024-11-27 16:45:13,166 - INFO - Number of analysis windows: 1
2024-11-27 16:45:15,235 - INFO - Results for 700K:
2024-11-27 16:45:15,235 - INFO - MSD: 564.4698 Å²/ps
2024-11-27 16:45:15,235 - INFO - Diffusion coefficient: 9.41e-03 ± 0.00e+00 cm²/s
2024-11-27 16:45:15,235 - INFO - Conductivity: 4.24e+01 S/cm
2024-11-27 16:45:15,309 - INFO - Loaded trajectory with 401 frames
2024-11-27 16:45:15,309 - INFO - Adjusted window size: 400
2024-11-27 16:45:15,309 - INFO - Adjusted shift time: 200
2024-11-27 16:45:15,313 - INFO - Analyzing trajectory at 1000K
2024-11-27 16:45:15,313 - INFO - Number of H atoms: 1
2024-11-27 16:45:15,314 - INFO - Position array shape: (401, 1, 3)
2024-11-27 16:45:15,314 - INFO - Number of analysis windows: 1
2024-11-27 16:45:17,264 - INFO - Results for 1000K:
2024-11-27 16:45:17,264 - INFO - MSD: 805.0365 Å²/ps
2024-11-27 16:45:17,264 - INFO - Diffusion coefficient: 1.34e-02 ± 0.00e+00 cm²/s
2024-11-27 16:45:17,264 - INFO - Conductivity: 4.23e+01 S/cm
2024-11-27 16:45:17,306 - INFO - Loaded trajectory with 201 frames
2024-11-27 16:45:17,306 - INFO - Adjusted window size: 200
2024-11-27 16:45:17,306 - INFO - Adjusted shift time: 100
2024-11-27 16:45:17,308 - INFO - Analyzing trajectory at 1300K
2024-11-27 16:45:17,308 - INFO - Number of H atoms: 1
2024-11-27 16:45:17,309 - INFO - Position array shape: (201, 1, 3)
2024-11-27 16:45:17,309 - INFO - Number of analysis windows: 1
2024-11-27 16:45:19,303 - INFO - Results for 1300K:
2024-11-27 16:45:19,303 - INFO - MSD: 458.4040 Å²/ps
2024-11-27 16:45:19,303 - INFO - Diffusion coefficient: 7.64e-03 ± 0.00e+00 cm²/s
2024-11-27 16:45:19,303 - INFO - Conductivity: 1.85e+01 S/cm
2024-11-27 16:45:19,317 - INFO - Results saved to logs/md_trajectories/Ba8Zr8O24_H1/md_analysis_results.csv
2024-11-27 16:45:21,474 - INFO - Activation Energy: 1013845229196587264.00 eV
