2024-11-26 19:14:35,777 - INFO - Analysis initialized for Ba8Zr8O24_H8
2024-11-26 19:14:35,777 - INFO - Working directory: /Users/brian/Documents/matgl/logs/md_analysis
2024-11-26 19:14:35,777 - INFO - Structures directory: /Users/brian/Documents/matgl/data/structures
2024-11-26 19:14:35,853 - INFO - Loaded trajectory with 21 frames
2024-11-26 19:14:35,853 - INFO - Adjusted window size: 20
2024-11-26 19:14:35,853 - INFO - Adjusted shift time: 10
2024-11-26 19:14:35,854 - INFO - Analyzing trajectory at 500K
2024-11-26 19:14:35,854 - INFO - Number of H atoms: 1
2024-11-26 19:14:35,854 - INFO - Position array shape: (21, 1, 3)
2024-11-26 19:14:35,854 - INFO - Number of analysis windows: 1
2024-11-26 19:14:37,815 - INFO - Results for 500K:
2024-11-26 19:14:37,815 - INFO - MSD: 82873775.6540 Å²/ps
2024-11-26 19:14:37,815 - INFO - Diffusion coefficient: 1.38e+03 ± 0.00e+00 cm²/s
2024-11-26 19:14:37,815 - INFO - Conductivity: 8.72e+06 S/cm
2024-11-26 19:14:37,831 - INFO - Loaded trajectory with 21 frames
2024-11-26 19:14:37,831 - INFO - Adjusted window size: 20
2024-11-26 19:14:37,831 - INFO - Adjusted shift time: 10
2024-11-26 19:14:37,831 - INFO - Analyzing trajectory at 700K
2024-11-26 19:14:37,831 - INFO - Number of H atoms: 1
2024-11-26 19:14:37,831 - INFO - Position array shape: (21, 1, 3)
2024-11-26 19:14:37,831 - INFO - Number of analysis windows: 1
2024-11-26 19:14:39,620 - INFO - Results for 700K:
2024-11-26 19:14:39,620 - INFO - MSD: 339993447.7787 Å²/ps
2024-11-26 19:14:39,620 - INFO - Diffusion coefficient: 5.67e+03 ± 0.00e+00 cm²/s
2024-11-26 19:14:39,620 - INFO - Conductivity: 2.55e+07 S/cm
2024-11-26 19:14:39,634 - INFO - Loaded trajectory with 21 frames
2024-11-26 19:14:39,634 - INFO - Adjusted window size: 20
2024-11-26 19:14:39,634 - INFO - Adjusted shift time: 10
2024-11-26 19:14:39,634 - INFO - Analyzing trajectory at 1000K
2024-11-26 19:14:39,634 - INFO - Number of H atoms: 1
2024-11-26 19:14:39,634 - INFO - Position array shape: (21, 1, 3)
2024-11-26 19:14:39,634 - INFO - Number of analysis windows: 1
2024-11-26 19:14:41,469 - INFO - Results for 1000K:
2024-11-26 19:14:41,469 - INFO - MSD: 162768214.2351 Å²/ps
2024-11-26 19:14:41,469 - INFO - Diffusion coefficient: 2.71e+03 ± 0.00e+00 cm²/s
2024-11-26 19:14:41,469 - INFO - Conductivity: 8.56e+06 S/cm
2024-11-26 19:14:41,482 - INFO - Loaded trajectory with 21 frames
2024-11-26 19:14:41,482 - INFO - Adjusted window size: 20
2024-11-26 19:14:41,482 - INFO - Adjusted shift time: 10
2024-11-26 19:14:41,483 - INFO - Analyzing trajectory at 1200K
2024-11-26 19:14:41,483 - INFO - Number of H atoms: 1
2024-11-26 19:14:41,483 - INFO - Position array shape: (21, 1, 3)
2024-11-26 19:14:41,483 - INFO - Number of analysis windows: 1
2024-11-26 19:14:43,492 - INFO - Results for 1200K:
2024-11-26 19:14:43,492 - INFO - MSD: 10520946.2769 Å²/ps
2024-11-26 19:14:43,492 - INFO - Diffusion coefficient: 1.75e+02 ± 0.00e+00 cm²/s
2024-11-26 19:14:43,492 - INFO - Conductivity: 4.61e+05 S/cm
2024-11-26 19:14:43,502 - INFO - Results saved to logs/md_trajectories/Ba8Zr8O24_H1/md_analysis_results.csv
2024-11-26 19:14:45,587 - INFO - Activation Energy: -622852072370764672.00 eV
