2024-11-27 15:22:07,902 - INFO - Analysis initialized for Ba8Zr8O24_H1
2024-11-27 15:22:07,902 - INFO - Working directory: /Users/brian/Documents/matgl/logs/md_analysis
2024-11-27 15:22:07,902 - INFO - Structures directory: /Users/brian/Documents/matgl/data/structures
2024-11-27 15:22:08,017 - INFO - Loaded trajectory with 201 frames
2024-11-27 15:22:08,017 - INFO - Adjusted window size: 200
2024-11-27 15:22:08,017 - INFO - Adjusted shift time: 100
2024-11-27 15:22:08,019 - INFO - Analyzing trajectory at 700K
2024-11-27 15:22:08,019 - INFO - Number of H atoms: 1
2024-11-27 15:22:08,020 - INFO - Position array shape: (201, 1, 3)
2024-11-27 15:22:08,020 - INFO - Number of analysis windows: 1
2024-11-27 15:22:10,171 - INFO - Results for 700K:
2024-11-27 15:22:10,171 - INFO - MSD: 564.4698 Å²/ps
2024-11-27 15:22:10,171 - INFO - Diffusion coefficient: 9.41e-03 ± 0.00e+00 cm²/s
2024-11-27 15:22:10,171 - INFO - Conductivity: 4.24e+01 S/cm
2024-11-27 15:22:10,248 - INFO - Loaded trajectory with 201 frames
2024-11-27 15:22:10,248 - INFO - Adjusted window size: 200
2024-11-27 15:22:10,248 - INFO - Adjusted shift time: 100
2024-11-27 15:22:10,250 - INFO - Analyzing trajectory at 1000K
2024-11-27 15:22:10,250 - INFO - Number of H atoms: 1
2024-11-27 15:22:10,250 - INFO - Position array shape: (201, 1, 3)
2024-11-27 15:22:10,251 - INFO - Number of analysis windows: 1
2024-11-27 15:22:12,209 - INFO - Results for 1000K:
2024-11-27 15:22:12,209 - INFO - MSD: 269.6120 Å²/ps
2024-11-27 15:22:12,209 - INFO - Diffusion coefficient: 4.49e-03 ± 0.00e+00 cm²/s
2024-11-27 15:22:12,209 - INFO - Conductivity: 1.42e+01 S/cm
2024-11-27 15:22:12,251 - INFO - Loaded trajectory with 201 frames
2024-11-27 15:22:12,251 - INFO - Adjusted window size: 200
2024-11-27 15:22:12,251 - INFO - Adjusted shift time: 100
2024-11-27 15:22:12,253 - INFO - Analyzing trajectory at 1300K
2024-11-27 15:22:12,253 - INFO - Number of H atoms: 1
2024-11-27 15:22:12,254 - INFO - Position array shape: (201, 1, 3)
2024-11-27 15:22:12,254 - INFO - Number of analysis windows: 1
2024-11-27 15:22:15,454 - INFO - Results for 1300K:
2024-11-27 15:22:15,455 - INFO - MSD: 458.4040 Å²/ps
2024-11-27 15:22:15,455 - INFO - Diffusion coefficient: 7.64e-03 ± 0.00e+00 cm²/s
2024-11-27 15:22:15,455 - INFO - Conductivity: 1.85e+01 S/cm
2024-11-27 15:22:15,473 - INFO - Results saved to logs/md_trajectories/Ba8Zr8O24_H1/md_analysis_results.csv
2024-11-27 15:22:17,607 - INFO - Activation Energy: -265416472016636608.00 eV
