2024-11-21 15:47:45,280 - INFO - Starting fine-tuning process...
2024-11-21 15:47:45,280 - INFO - Loading pretrained M3GNet: M3GNet-MP-2021.2.8-PES
2024-11-21 15:47:45,280 - INFO - Using cached local file at /Users/brian/.cache/matgl/M3GNet-MP-2021.2.8-PES/model.pt...
2024-11-21 15:47:45,280 - INFO - Using cached local file at /Users/brian/.cache/matgl/M3GNet-MP-2021.2.8-PES/state.pt...
2024-11-21 15:47:45,280 - INFO - Using cached local file at /Users/brian/.cache/matgl/M3GNet-MP-2021.2.8-PES/model.json...
2024-11-21 15:47:45,363 - INFO - Loading previous training weights: /Users/brian/Documents/matgl/logs/checkpoints/model.pt
2024-11-21 15:48:09,352 - ERROR - Error during fine-tuning: Error(s) in loading state_dict for M3GNet:
	Missing key(s) in state_dict: "final_layer.gated.layers.0.weight", "final_layer.gated.layers.0.bias", "final_layer.gated.layers.2.weight", "final_layer.gated.layers.2.bias", "final_layer.gated.layers.4.weight", "final_layer.gated.layers.4.bias", "final_layer.gated.layers.6.weight", "final_layer.gated.layers.6.bias", "final_layer.gated.gates.0.weight", "final_layer.gated.gates.0.bias", "final_layer.gated.gates.2.weight", "final_layer.gated.gates.2.bias", "final_layer.gated.gates.4.weight", "final_layer.gated.gates.4.bias", "final_layer.gated.gates.6.weight", "final_layer.gated.gates.6.bias". 
	Unexpected key(s) in state_dict: "readout.set2set.lstm.weight_ih_l0", "readout.set2set.lstm.weight_hh_l0", "readout.set2set.lstm.bias_ih_l0", "readout.set2set.lstm.bias_hh_l0", "readout.set2set.lstm.weight_ih_l1", "readout.set2set.lstm.weight_hh_l1", "readout.set2set.lstm.bias_ih_l1", "readout.set2set.lstm.bias_hh_l1", "readout.set2set.lstm.weight_ih_l2", "readout.set2set.lstm.weight_hh_l2", "readout.set2set.lstm.bias_ih_l2", "readout.set2set.lstm.bias_hh_l2", "final_layer.layers.0.weight", "final_layer.layers.0.bias", "final_layer.layers.2.weight", "final_layer.layers.2.bias", "final_layer.layers.4.weight", "final_layer.layers.4.bias". 
	size mismatch for embedding.layer_node_embedding.weight: copying a param with shape torch.Size([55, 64]) from checkpoint, the shape in current model is torch.Size([89, 64]).
2024-11-21 15:57:33,932 - INFO - Starting fine-tuning process...
2024-11-21 15:57:33,932 - INFO - Loading pretrained M3GNet: M3GNet-MP-2021.2.8-PES
2024-11-21 15:57:33,932 - INFO - Using cached local file at /Users/brian/.cache/matgl/M3GNet-MP-2021.2.8-PES/model.pt...
2024-11-21 15:57:33,932 - INFO - Using cached local file at /Users/brian/.cache/matgl/M3GNet-MP-2021.2.8-PES/state.pt...
2024-11-21 15:57:33,932 - INFO - Using cached local file at /Users/brian/.cache/matgl/M3GNet-MP-2021.2.8-PES/model.json...
2024-11-21 15:57:33,992 - INFO - Loading previous training weights: /Users/brian/Documents/matgl/logs/checkpoints/model.pt
2024-11-21 15:57:57,621 - ERROR - Error during fine-tuning: Error(s) in loading state_dict for M3GNet:
	Missing key(s) in state_dict: "final_layer.gated.layers.0.weight", "final_layer.gated.layers.0.bias", "final_layer.gated.layers.2.weight", "final_layer.gated.layers.2.bias", "final_layer.gated.layers.4.weight", "final_layer.gated.layers.4.bias", "final_layer.gated.layers.6.weight", "final_layer.gated.layers.6.bias", "final_layer.gated.gates.0.weight", "final_layer.gated.gates.0.bias", "final_layer.gated.gates.2.weight", "final_layer.gated.gates.2.bias", "final_layer.gated.gates.4.weight", "final_layer.gated.gates.4.bias", "final_layer.gated.gates.6.weight", "final_layer.gated.gates.6.bias". 
	Unexpected key(s) in state_dict: "readout.set2set.lstm.weight_ih_l0", "readout.set2set.lstm.weight_hh_l0", "readout.set2set.lstm.bias_ih_l0", "readout.set2set.lstm.bias_hh_l0", "readout.set2set.lstm.weight_ih_l1", "readout.set2set.lstm.weight_hh_l1", "readout.set2set.lstm.bias_ih_l1", "readout.set2set.lstm.bias_hh_l1", "readout.set2set.lstm.weight_ih_l2", "readout.set2set.lstm.weight_hh_l2", "readout.set2set.lstm.bias_ih_l2", "readout.set2set.lstm.bias_hh_l2", "final_layer.layers.0.weight", "final_layer.layers.0.bias", "final_layer.layers.2.weight", "final_layer.layers.2.bias", "final_layer.layers.4.weight", "final_layer.layers.4.bias". 
	size mismatch for embedding.layer_node_embedding.weight: copying a param with shape torch.Size([55, 64]) from checkpoint, the shape in current model is torch.Size([89, 64]).
2024-11-21 16:03:22,879 - INFO - Starting fine-tuning process...
2024-11-21 16:03:22,879 - INFO - Loading previous training weights: /Users/brian/Documents/matgl/logs/checkpoints/model.pt
2024-11-21 16:04:53,651 - INFO - Fine-tuning completed in 90.77 seconds
2024-11-21 16:26:20,058 - INFO - Starting fine-tuning process...
2024-11-21 16:26:20,058 - INFO - Loading previous training weights: /Users/brian/Documents/matgl/logs/checkpoints/model.pt
2024-11-21 16:27:54,833 - INFO - Fine-tuning completed in 94.78 seconds
2024-11-21 16:32:03,901 - INFO - Starting fine-tuning process...
2024-11-21 16:32:03,901 - INFO - Loading previous training weights: /Users/brian/Documents/matgl/logs/checkpoints/model.pt
2024-11-21 16:33:38,510 - INFO - Fine-tuning completed in 94.61 seconds
