2024-11-23 23:51:21,864 - INFO - Starting training process...
2024-11-23 23:51:46,362 - INFO - Setting up M3GNet model...
2024-11-23 23:51:47,091 - INFO - Model setup completed successfully
2024-11-23 23:51:47,091 - INFO - Starting training...
2024-11-23 23:52:49,675 - INFO - Model saved to /Users/brian/Documents/matgl/logs/checkpoints
2024-11-23 23:53:00,023 - INFO - Training completed in 98.16 seconds
2024-11-24 00:00:50,553 - INFO - Starting training process...
2024-11-24 00:01:15,790 - INFO - Setting up M3GNet model...
2024-11-24 00:01:16,550 - INFO - Model setup completed successfully
2024-11-24 00:01:16,550 - INFO - Starting training...
2024-11-24 00:01:45,217 - INFO - Model saved to /Users/brian/Documents/matgl/logs/checkpoints
2024-11-24 00:01:55,650 - INFO - Training completed in 65.10 seconds
2024-11-24 00:03:33,794 - INFO - Starting training process...
2024-11-24 00:03:57,672 - INFO - Setting up M3GNet model...
2024-11-24 00:03:57,904 - INFO - Model setup completed successfully
2024-11-24 00:03:57,904 - INFO - Starting training...
2024-11-24 00:04:51,125 - INFO - Model saved to /Users/brian/Documents/matgl/logs/checkpoints
2024-11-24 00:05:13,179 - INFO - Training completed in 99.38 seconds
2024-11-26 15:21:22,503 - INFO - Starting training process...
2024-11-26 15:21:48,892 - INFO - Setting up M3GNet model...
2024-11-26 15:21:49,715 - INFO - Model setup completed successfully
2024-11-26 15:21:49,715 - INFO - Starting training...
2024-11-26 15:24:03,564 - INFO - Model saved to /Users/brian/Documents/matgl/logs/checkpoints
2024-11-26 15:24:31,017 - INFO - Training completed in 188.51 seconds
2024-11-26 15:37:32,819 - INFO - Starting training process...
2024-11-26 15:37:58,992 - INFO - Setting up M3GNet model...
2024-11-26 15:37:59,985 - INFO - Model setup completed successfully
2024-11-26 15:37:59,986 - INFO - Starting training...
2024-11-26 15:47:16,447 - INFO - Model saved to /Users/brian/Documents/matgl/logs/checkpoints
2024-11-26 15:47:45,208 - INFO - Training completed in 612.39 seconds
2024-11-27 15:43:43,771 - INFO - Setting up M3GNet model...
2024-11-27 15:43:43,836 - ERROR - Model setup failed: _DeviceDtypeModuleMixin.__init__() got an unexpected keyword argument 'learning_rate'
2024-11-27 15:43:43,836 - ERROR - Training error: _DeviceDtypeModuleMixin.__init__() got an unexpected keyword argument 'learning_rate'
2024-11-27 15:43:43,836 - INFO - Session completed in 23.83 seconds
2024-11-27 15:44:20,716 - INFO - Starting training process...
2024-11-27 15:44:45,857 - INFO - Setting up M3GNet model...
2024-11-27 15:44:45,936 - ERROR - Error in model setup: _DeviceDtypeModuleMixin.__init__() got an unexpected keyword argument 'learning_rate'
2024-11-27 15:44:45,936 - ERROR - Error during training: _DeviceDtypeModuleMixin.__init__() got an unexpected keyword argument 'learning_rate'
2024-11-27 15:46:05,498 - INFO - Setting up M3GNet model...
2024-11-27 15:46:05,575 - ERROR - Model setup failed: _DeviceDtypeModuleMixin.__init__() got an unexpected keyword argument 'learning_rate'
2024-11-27 15:46:05,575 - ERROR - Training error: _DeviceDtypeModuleMixin.__init__() got an unexpected keyword argument 'learning_rate'
2024-11-27 15:46:05,576 - INFO - Session completed in 24.68 seconds
2024-11-27 15:47:49,056 - INFO - Setting up M3GNet model...
2024-11-27 15:47:49,123 - ERROR - Model setup failed: _DeviceDtypeModuleMixin.__init__() got an unexpected keyword argument 'optimizer_params'
2024-11-27 15:47:49,124 - ERROR - Training error: _DeviceDtypeModuleMixin.__init__() got an unexpected keyword argument 'optimizer_params'
2024-11-27 15:47:49,124 - INFO - Session completed in 24.91 seconds
2024-11-27 15:49:49,396 - INFO - Starting training process...
2024-11-27 15:50:15,582 - ERROR - Error during training: 'FineTuner' object has no attribute 'validate_data'
2024-11-27 15:52:04,660 - INFO - Starting training process...
2024-11-27 15:52:28,709 - INFO - Setting up M3GNet model...
2024-11-27 15:52:28,791 - ERROR - Error in model setup: _DeviceDtypeModuleMixin.__init__() got an unexpected keyword argument 'learning_rate'
2024-11-27 15:52:28,791 - ERROR - Error during training: _DeviceDtypeModuleMixin.__init__() got an unexpected keyword argument 'learning_rate'
2024-11-27 15:53:30,876 - INFO - Starting training process...
2024-11-27 15:53:54,625 - INFO - Setting up M3GNet model...
2024-11-27 15:53:55,405 - INFO - Model setup completed successfully
2024-11-27 15:53:55,405 - INFO - Starting training...
2024-11-27 16:52:03,032 - INFO - Starting training process...
2024-11-27 16:52:26,776 - INFO - Setting up M3GNet model...
2024-11-27 16:52:27,415 - INFO - Model setup completed successfully
2024-11-27 16:52:27,415 - INFO - Starting training...
2024-11-27 18:58:03,401 - INFO - Starting training process...
2024-11-27 18:58:29,586 - INFO - Setting up M3GNet model...
2024-11-27 18:58:30,470 - INFO - Model setup completed successfully
2024-11-27 18:58:30,470 - INFO - Starting training...
2024-11-27 19:07:02,708 - INFO - Model saved to /Users/brian/Documents/matgl/logs/checkpoints
2024-11-27 19:07:26,381 - INFO - Training completed in 562.98 seconds
